2020-04-22 22:00:45,950-[HL] WARN main io.netty.bootstrap.Bootstrap - Unknown channel option 'SO_BACKLOG' for channel '[id: 0xe9849f06]'
2020-04-22 22:00:45 [ main ] Unknown channel option 'SO_BACKLOG' for channel '[id: 0xe9849f06]'
2020-04-22 22:00:45,972-[HL] INFO main com.chen.leo.client.NettyTransportClient - Client has connected to server successfully...
2020-04-22 22:00:45 [ main ] Client has connected to server successfully...
2020-04-22 22:01:36,253-[HL] WARN main io.netty.bootstrap.Bootstrap - Unknown channel option 'SO_BACKLOG' for channel '[id: 0x6525319c]'
2020-04-22 22:01:36 [ main ] Unknown channel option 'SO_BACKLOG' for channel '[id: 0x6525319c]'
2020-04-22 22:01:36,271-[HL] INFO main com.chen.leo.client.NettyTransportClient - Client has connected to server successfully...
2020-04-22 22:01:36 [ main ] Client has connected to server successfully...
2020-04-22 22:04:51,342-[HL] WARN main io.netty.bootstrap.Bootstrap - Unknown channel option 'SO_BACKLOG' for channel '[id: 0x63ff757a]'
2020-04-22 22:04:51 [ main ] Unknown channel option 'SO_BACKLOG' for channel '[id: 0x63ff757a]'
2020-04-22 22:04:51,360-[HL] INFO main com.chen.leo.client.NettyTransportClient - Client has connected to server successfully...
2020-04-22 22:04:51 [ main ] Client has connected to server successfully...
2020-04-22 22:05:32,392-[HL] WARN main io.netty.bootstrap.Bootstrap - Unknown channel option 'SO_BACKLOG' for channel '[id: 0x40ee3c29]'
2020-04-22 22:05:32 [ main ] Unknown channel option 'SO_BACKLOG' for channel '[id: 0x40ee3c29]'
2020-04-22 22:05:32,417-[HL] INFO main com.chen.leo.client.NettyTransportClient - Client has connected to server successfully...
2020-04-22 22:05:32 [ main ] Client has connected to server successfully...
2020-04-22 22:06:38,104-[HL] WARN main io.netty.bootstrap.Bootstrap - Unknown channel option 'SO_BACKLOG' for channel '[id: 0xbc6db745]'
2020-04-22 22:06:38 [ main ] Unknown channel option 'SO_BACKLOG' for channel '[id: 0xbc6db745]'
2020-04-22 22:06:38,126-[HL] INFO main com.chen.leo.client.NettyTransportClient - Client has connected to server successfully...
2020-04-22 22:06:38 [ main ] Client has connected to server successfully...
2020-04-22 22:07:18,807-[HL] WARN main io.netty.bootstrap.Bootstrap - Unknown channel option 'SO_BACKLOG' for channel '[id: 0xb3afde27]'
2020-04-22 22:07:18 [ main ] Unknown channel option 'SO_BACKLOG' for channel '[id: 0xb3afde27]'
2020-04-22 22:07:24,401-[HL] INFO main com.chen.leo.client.NettyTransportClient - Client has connected to server successfully...
2020-04-22 22:07:24 [ main ] Client has connected to server successfully...
2020-04-22 22:07:29,407-[HL] INFO nioEventLoopGroup-2-1 com.chen.leo.handler.HeartBeatHandler - ping...
2020-04-22 22:07:29 [ nioEventLoopGroup-2-1 ] ping...
2020-04-22 22:07:32,818-[HL] INFO nioEventLoopGroup-2-1 com.chen.leo.handler.HeartBeatHandler - pong...
2020-04-22 22:07:32 [ nioEventLoopGroup-2-1 ] pong...
2020-04-22 22:07:34,562-[HL] INFO nioEventLoopGroup-2-1 com.chen.leo.handler.HeartBeatHandler - ping...
2020-04-22 22:07:34 [ nioEventLoopGroup-2-1 ] ping...
2020-04-22 22:07:34,564-[HL] INFO nioEventLoopGroup-2-1 com.chen.leo.handler.HeartBeatHandler - pong...
2020-04-22 22:07:34 [ nioEventLoopGroup-2-1 ] pong...
2020-04-22 22:07:39,567-[HL] INFO nioEventLoopGroup-2-1 com.chen.leo.handler.HeartBeatHandler - ping...
2020-04-22 22:07:39 [ nioEventLoopGroup-2-1 ] ping...
2020-04-22 22:07:39,575-[HL] INFO nioEventLoopGroup-2-1 com.chen.leo.handler.HeartBeatHandler - pong...
2020-04-22 22:07:39 [ nioEventLoopGroup-2-1 ] pong...
2020-04-22 22:07:44,580-[HL] INFO nioEventLoopGroup-2-1 com.chen.leo.handler.HeartBeatHandler - ping...
2020-04-22 22:07:44 [ nioEventLoopGroup-2-1 ] ping...
2020-04-22 22:07:44,582-[HL] INFO nioEventLoopGroup-2-1 com.chen.leo.handler.HeartBeatHandler - pong...
2020-04-22 22:07:44 [ nioEventLoopGroup-2-1 ] pong...
2020-04-22 22:07:49,585-[HL] INFO nioEventLoopGroup-2-1 com.chen.leo.handler.HeartBeatHandler - ping...
2020-04-22 22:07:49 [ nioEventLoopGroup-2-1 ] ping...
2020-04-22 22:07:49,586-[HL] INFO nioEventLoopGroup-2-1 com.chen.leo.handler.HeartBeatHandler - pong...
2020-04-22 22:07:49 [ nioEventLoopGroup-2-1 ] pong...
2020-04-22 22:07:54,588-[HL] INFO nioEventLoopGroup-2-1 com.chen.leo.handler.HeartBeatHandler - ping...
2020-04-22 22:07:54 [ nioEventLoopGroup-2-1 ] ping...
2020-04-22 22:07:54,590-[HL] INFO nioEventLoopGroup-2-1 com.chen.leo.handler.HeartBeatHandler - pong...
2020-04-22 22:07:54 [ nioEventLoopGroup-2-1 ] pong...
2020-04-22 22:07:59,594-[HL] INFO nioEventLoopGroup-2-1 com.chen.leo.handler.HeartBeatHandler - ping...
2020-04-22 22:07:59 [ nioEventLoopGroup-2-1 ] ping...
2020-04-22 22:07:59,596-[HL] INFO nioEventLoopGroup-2-1 com.chen.leo.handler.HeartBeatHandler - pong...
2020-04-22 22:07:59 [ nioEventLoopGroup-2-1 ] pong...
2020-04-22 22:08:04,599-[HL] INFO nioEventLoopGroup-2-1 com.chen.leo.handler.HeartBeatHandler - ping...
2020-04-22 22:08:04 [ nioEventLoopGroup-2-1 ] ping...
2020-04-22 22:08:04,602-[HL] INFO nioEventLoopGroup-2-1 com.chen.leo.handler.HeartBeatHandler - pong...
2020-04-22 22:08:04 [ nioEventLoopGroup-2-1 ] pong...
2020-04-22 22:08:09,600-[HL] INFO nioEventLoopGroup-2-1 com.chen.leo.handler.HeartBeatHandler - ping...
2020-04-22 22:08:09 [ nioEventLoopGroup-2-1 ] ping...
2020-04-22 22:08:09,602-[HL] INFO nioEventLoopGroup-2-1 com.chen.leo.handler.HeartBeatHandler - pong...
2020-04-22 22:08:09 [ nioEventLoopGroup-2-1 ] pong...
2020-04-22 22:08:14,606-[HL] INFO nioEventLoopGroup-2-1 com.chen.leo.handler.HeartBeatHandler - ping...
2020-04-22 22:08:14 [ nioEventLoopGroup-2-1 ] ping...
2020-04-22 22:08:14,607-[HL] INFO nioEventLoopGroup-2-1 com.chen.leo.handler.HeartBeatHandler - pong...
2020-04-22 22:08:14 [ nioEventLoopGroup-2-1 ] pong...
2020-04-22 22:08:19,606-[HL] INFO nioEventLoopGroup-2-1 com.chen.leo.handler.HeartBeatHandler - ping...
2020-04-22 22:08:19 [ nioEventLoopGroup-2-1 ] ping...
2020-04-22 22:08:19,612-[HL] INFO nioEventLoopGroup-2-1 com.chen.leo.handler.HeartBeatHandler - pong...
2020-04-22 22:08:19 [ nioEventLoopGroup-2-1 ] pong...
2020-04-22 22:08:24,608-[HL] INFO nioEventLoopGroup-2-1 com.chen.leo.handler.HeartBeatHandler - ping...
2020-04-22 22:08:24 [ nioEventLoopGroup-2-1 ] ping...
2020-04-22 22:08:24,610-[HL] INFO nioEventLoopGroup-2-1 com.chen.leo.handler.HeartBeatHandler - pong...
2020-04-22 22:08:24 [ nioEventLoopGroup-2-1 ] pong...
2020-04-22 22:08:39,779-[HL] WARN main io.netty.bootstrap.Bootstrap - Unknown channel option 'SO_BACKLOG' for channel '[id: 0xc1c1b1f3]'
2020-04-22 22:08:39 [ main ] Unknown channel option 'SO_BACKLOG' for channel '[id: 0xc1c1b1f3]'
2020-04-22 22:08:39,807-[HL] INFO main com.chen.leo.client.NettyTransportClient - Client has connected to server successfully...
2020-04-22 22:08:39 [ main ] Client has connected to server successfully...
2020-04-22 22:08:40,808-[HL] INFO nioEventLoopGroup-2-1 com.chen.leo.handler.HeartBeatHandler - ping...
2020-04-22 22:08:40 [ nioEventLoopGroup-2-1 ] ping...
2020-04-22 22:08:40,937-[HL] INFO nioEventLoopGroup-2-1 com.chen.leo.handler.HeartBeatHandler - pong...
2020-04-22 22:08:40 [ nioEventLoopGroup-2-1 ] pong...
2020-04-22 22:08:41,935-[HL] INFO nioEventLoopGroup-2-1 com.chen.leo.handler.HeartBeatHandler - ping...
2020-04-22 22:08:41 [ nioEventLoopGroup-2-1 ] ping...
2020-04-22 22:08:41,937-[HL] INFO nioEventLoopGroup-2-1 com.chen.leo.handler.HeartBeatHandler - pong...
2020-04-22 22:08:41 [ nioEventLoopGroup-2-1 ] pong...
2020-04-22 22:08:42,938-[HL] INFO nioEventLoopGroup-2-1 com.chen.leo.handler.HeartBeatHandler - ping...
2020-04-22 22:08:42 [ nioEventLoopGroup-2-1 ] ping...
2020-04-22 22:08:42,939-[HL] INFO nioEventLoopGroup-2-1 com.chen.leo.handler.HeartBeatHandler - pong...
2020-04-22 22:08:42 [ nioEventLoopGroup-2-1 ] pong...
2020-04-22 22:08:43,942-[HL] INFO nioEventLoopGroup-2-1 com.chen.leo.handler.HeartBeatHandler - ping...
2020-04-22 22:08:43 [ nioEventLoopGroup-2-1 ] ping...
2020-04-22 22:08:43,949-[HL] INFO nioEventLoopGroup-2-1 com.chen.leo.handler.HeartBeatHandler - pong...
2020-04-22 22:08:43 [ nioEventLoopGroup-2-1 ] pong...
2020-04-22 22:08:44,946-[HL] INFO nioEventLoopGroup-2-1 com.chen.leo.handler.HeartBeatHandler - ping...
2020-04-22 22:08:44 [ nioEventLoopGroup-2-1 ] ping...
2020-04-22 22:08:44,948-[HL] INFO nioEventLoopGroup-2-1 com.chen.leo.handler.HeartBeatHandler - pong...
2020-04-22 22:08:44 [ nioEventLoopGroup-2-1 ] pong...
2020-04-22 22:08:45,952-[HL] INFO nioEventLoopGroup-2-1 com.chen.leo.handler.HeartBeatHandler - ping...
2020-04-22 22:08:45 [ nioEventLoopGroup-2-1 ] ping...
2020-04-22 22:08:45,954-[HL] INFO nioEventLoopGroup-2-1 com.chen.leo.handler.HeartBeatHandler - pong...
2020-04-22 22:08:45 [ nioEventLoopGroup-2-1 ] pong...
2020-04-22 22:08:46,955-[HL] INFO nioEventLoopGroup-2-1 com.chen.leo.handler.HeartBeatHandler - ping...
2020-04-22 22:08:46 [ nioEventLoopGroup-2-1 ] ping...
2020-04-22 22:08:46,957-[HL] INFO nioEventLoopGroup-2-1 com.chen.leo.handler.HeartBeatHandler - pong...
2020-04-22 22:08:46 [ nioEventLoopGroup-2-1 ] pong...
2020-04-22 22:08:47,960-[HL] INFO nioEventLoopGroup-2-1 com.chen.leo.handler.HeartBeatHandler - ping...
2020-04-22 22:08:47 [ nioEventLoopGroup-2-1 ] ping...
2020-04-22 22:08:47,961-[HL] INFO nioEventLoopGroup-2-1 com.chen.leo.handler.HeartBeatHandler - pong...
2020-04-22 22:08:47 [ nioEventLoopGroup-2-1 ] pong...
2020-04-22 22:08:48,962-[HL] INFO nioEventLoopGroup-2-1 com.chen.leo.handler.HeartBeatHandler - ping...
2020-04-22 22:08:48 [ nioEventLoopGroup-2-1 ] ping...
2020-04-22 22:08:48,964-[HL] INFO nioEventLoopGroup-2-1 com.chen.leo.handler.HeartBeatHandler - pong...
2020-04-22 22:08:48 [ nioEventLoopGroup-2-1 ] pong...
2020-04-22 22:08:49,966-[HL] INFO nioEventLoopGroup-2-1 com.chen.leo.handler.HeartBeatHandler - ping...
2020-04-22 22:08:49 [ nioEventLoopGroup-2-1 ] ping...
2020-04-22 22:08:49,968-[HL] INFO nioEventLoopGroup-2-1 com.chen.leo.handler.HeartBeatHandler - pong...
2020-04-22 22:08:49 [ nioEventLoopGroup-2-1 ] pong...
2020-04-22 22:08:50,970-[HL] INFO nioEventLoopGroup-2-1 com.chen.leo.handler.HeartBeatHandler - ping...
2020-04-22 22:08:50 [ nioEventLoopGroup-2-1 ] ping...
2020-04-22 22:08:50,972-[HL] INFO nioEventLoopGroup-2-1 com.chen.leo.handler.HeartBeatHandler - pong...
2020-04-22 22:08:50 [ nioEventLoopGroup-2-1 ] pong...
2020-04-22 22:08:51,976-[HL] INFO nioEventLoopGroup-2-1 com.chen.leo.handler.HeartBeatHandler - ping...
2020-04-22 22:08:51 [ nioEventLoopGroup-2-1 ] ping...
2020-04-22 22:08:51,978-[HL] INFO nioEventLoopGroup-2-1 com.chen.leo.handler.HeartBeatHandler - pong...
2020-04-22 22:08:51 [ nioEventLoopGroup-2-1 ] pong...
2020-04-22 22:08:52,981-[HL] INFO nioEventLoopGroup-2-1 com.chen.leo.handler.HeartBeatHandler - ping...
2020-04-22 22:08:52 [ nioEventLoopGroup-2-1 ] ping...
2020-04-22 22:08:52,983-[HL] INFO nioEventLoopGroup-2-1 com.chen.leo.handler.HeartBeatHandler - pong...
2020-04-22 22:08:52 [ nioEventLoopGroup-2-1 ] pong...
2020-04-22 22:08:53,987-[HL] INFO nioEventLoopGroup-2-1 com.chen.leo.handler.HeartBeatHandler - ping...
2020-04-22 22:08:53 [ nioEventLoopGroup-2-1 ] ping...
2020-04-22 22:08:53,993-[HL] INFO nioEventLoopGroup-2-1 com.chen.leo.handler.HeartBeatHandler - pong...
2020-04-22 22:08:53 [ nioEventLoopGroup-2-1 ] pong...
2020-04-22 22:08:54,991-[HL] INFO nioEventLoopGroup-2-1 com.chen.leo.handler.HeartBeatHandler - ping...
2020-04-22 22:08:54 [ nioEventLoopGroup-2-1 ] ping...
2020-04-22 22:08:54,993-[HL] INFO nioEventLoopGroup-2-1 com.chen.leo.handler.HeartBeatHandler - pong...
2020-04-22 22:08:54 [ nioEventLoopGroup-2-1 ] pong...
2020-04-22 22:08:55,994-[HL] INFO nioEventLoopGroup-2-1 com.chen.leo.handler.HeartBeatHandler - ping...
2020-04-22 22:08:55 [ nioEventLoopGroup-2-1 ] ping...
2020-04-22 22:08:56,001-[HL] INFO nioEventLoopGroup-2-1 com.chen.leo.handler.HeartBeatHandler - pong...
2020-04-22 22:08:56 [ nioEventLoopGroup-2-1 ] pong...
2020-04-22 22:08:56,999-[HL] INFO nioEventLoopGroup-2-1 com.chen.leo.handler.HeartBeatHandler - ping...
2020-04-22 22:08:56 [ nioEventLoopGroup-2-1 ] ping...
2020-04-22 22:08:57,001-[HL] INFO nioEventLoopGroup-2-1 com.chen.leo.handler.HeartBeatHandler - pong...
2020-04-22 22:08:57 [ nioEventLoopGroup-2-1 ] pong...
2020-04-22 22:08:58,004-[HL] INFO nioEventLoopGroup-2-1 com.chen.leo.handler.HeartBeatHandler - ping...
2020-04-22 22:08:58 [ nioEventLoopGroup-2-1 ] ping...
2020-04-22 22:08:58,006-[HL] INFO nioEventLoopGroup-2-1 com.chen.leo.handler.HeartBeatHandler - pong...
2020-04-22 22:08:58 [ nioEventLoopGroup-2-1 ] pong...
2020-04-22 22:08:59,008-[HL] INFO nioEventLoopGroup-2-1 com.chen.leo.handler.HeartBeatHandler - ping...
2020-04-22 22:08:59 [ nioEventLoopGroup-2-1 ] ping...
2020-04-22 22:08:59,010-[HL] INFO nioEventLoopGroup-2-1 com.chen.leo.handler.HeartBeatHandler - pong...
2020-04-22 22:08:59 [ nioEventLoopGroup-2-1 ] pong...
2020-04-22 22:09:00,014-[HL] INFO nioEventLoopGroup-2-1 com.chen.leo.handler.HeartBeatHandler - ping...
2020-04-22 22:09:00 [ nioEventLoopGroup-2-1 ] ping...
2020-04-22 22:09:00,016-[HL] INFO nioEventLoopGroup-2-1 com.chen.leo.handler.HeartBeatHandler - pong...
2020-04-22 22:09:00 [ nioEventLoopGroup-2-1 ] pong...
2020-04-22 22:09:01,017-[HL] INFO nioEventLoopGroup-2-1 com.chen.leo.handler.HeartBeatHandler - ping...
2020-04-22 22:09:01 [ nioEventLoopGroup-2-1 ] ping...
2020-04-22 22:09:01,018-[HL] INFO nioEventLoopGroup-2-1 com.chen.leo.handler.HeartBeatHandler - pong...
2020-04-22 22:09:01 [ nioEventLoopGroup-2-1 ] pong...
2020-04-22 22:09:02,022-[HL] INFO nioEventLoopGroup-2-1 com.chen.leo.handler.HeartBeatHandler - ping...
2020-04-22 22:09:02 [ nioEventLoopGroup-2-1 ] ping...
2020-04-22 22:09:02,027-[HL] INFO nioEventLoopGroup-2-1 com.chen.leo.handler.HeartBeatHandler - pong...
2020-04-22 22:09:02 [ nioEventLoopGroup-2-1 ] pong...
2020-04-22 22:09:03,031-[HL] INFO nioEventLoopGroup-2-1 com.chen.leo.handler.HeartBeatHandler - ping...
2020-04-22 22:09:03 [ nioEventLoopGroup-2-1 ] ping...
2020-04-22 22:09:03,033-[HL] INFO nioEventLoopGroup-2-1 com.chen.leo.handler.HeartBeatHandler - pong...
2020-04-22 22:09:03 [ nioEventLoopGroup-2-1 ] pong...
2020-04-22 22:11:29,828-[HL] WARN main io.netty.bootstrap.Bootstrap - Unknown channel option 'SO_BACKLOG' for channel '[id: 0x4256cfd4]'
2020-04-22 22:11:29 [ main ] Unknown channel option 'SO_BACKLOG' for channel '[id: 0x4256cfd4]'
2020-04-22 22:11:29,857-[HL] INFO main com.chen.leo.client.NettyTransportClient - Client has connected to server successfully...
2020-04-22 22:11:29 [ main ] Client has connected to server successfully...
2020-04-22 22:11:30,861-[HL] INFO nioEventLoopGroup-2-1 com.chen.leo.handler.HeartBeatHandler - ping...
2020-04-22 22:11:30 [ nioEventLoopGroup-2-1 ] ping...
2020-04-22 22:11:31,143-[HL] INFO nioEventLoopGroup-2-1 com.chen.leo.handler.HeartBeatHandler - pong...
2020-04-22 22:11:31 [ nioEventLoopGroup-2-1 ] pong...
2020-04-22 22:11:32,012-[HL] INFO nioEventLoopGroup-2-1 com.chen.leo.handler.HeartBeatHandler - ping...
2020-04-22 22:11:32 [ nioEventLoopGroup-2-1 ] ping...
2020-04-22 22:11:32,015-[HL] INFO nioEventLoopGroup-2-1 com.chen.leo.handler.HeartBeatHandler - pong...
2020-04-22 22:11:32 [ nioEventLoopGroup-2-1 ] pong...
2020-04-22 22:11:33,015-[HL] INFO nioEventLoopGroup-2-1 com.chen.leo.handler.HeartBeatHandler - ping...
2020-04-22 22:11:33 [ nioEventLoopGroup-2-1 ] ping...
2020-04-22 22:11:33,017-[HL] INFO nioEventLoopGroup-2-1 com.chen.leo.handler.HeartBeatHandler - pong...
2020-04-22 22:11:33 [ nioEventLoopGroup-2-1 ] pong...
2020-04-22 22:11:34,020-[HL] INFO nioEventLoopGroup-2-1 com.chen.leo.handler.HeartBeatHandler - ping...
2020-04-22 22:11:34 [ nioEventLoopGroup-2-1 ] ping...
2020-04-22 22:11:34,022-[HL] INFO nioEventLoopGroup-2-1 com.chen.leo.handler.HeartBeatHandler - pong...
2020-04-22 22:11:34 [ nioEventLoopGroup-2-1 ] pong...
2020-04-22 22:15:09,262-[HL] WARN main io.netty.bootstrap.Bootstrap - Unknown channel option 'SO_BACKLOG' for channel '[id: 0x2d36251c]'
2020-04-22 22:15:09 [ main ] Unknown channel option 'SO_BACKLOG' for channel '[id: 0x2d36251c]'
2020-04-22 22:15:09,303-[HL] INFO main com.chen.leo.client.NettyTransportClient - Client has connected to server successfully...
2020-04-22 22:15:09 [ main ] Client has connected to server successfully...
2020-04-22 22:15:10,307-[HL] INFO nioEventLoopGroup-2-1 com.chen.leo.handler.HeartBeatHandler - ping...
2020-04-22 22:15:10 [ nioEventLoopGroup-2-1 ] ping...
2020-04-22 22:15:10,572-[HL] INFO nioEventLoopGroup-2-1 com.chen.leo.handler.HeartBeatHandler - pong...
2020-04-22 22:15:10 [ nioEventLoopGroup-2-1 ] pong...
2020-04-22 22:15:11,424-[HL] INFO nioEventLoopGroup-2-1 com.chen.leo.handler.HeartBeatHandler - ping...
2020-04-22 22:15:11 [ nioEventLoopGroup-2-1 ] ping...
2020-04-22 22:15:11,426-[HL] INFO nioEventLoopGroup-2-1 com.chen.leo.handler.HeartBeatHandler - pong...
2020-04-22 22:15:11 [ nioEventLoopGroup-2-1 ] pong...
2020-04-22 22:15:12,429-[HL] INFO nioEventLoopGroup-2-1 com.chen.leo.handler.HeartBeatHandler - ping...
2020-04-22 22:15:12 [ nioEventLoopGroup-2-1 ] ping...
2020-04-22 22:15:12,431-[HL] INFO nioEventLoopGroup-2-1 com.chen.leo.handler.HeartBeatHandler - pong...
2020-04-22 22:15:12 [ nioEventLoopGroup-2-1 ] pong...
2020-04-22 22:15:13,433-[HL] INFO nioEventLoopGroup-2-1 com.chen.leo.handler.HeartBeatHandler - ping...
2020-04-22 22:15:13 [ nioEventLoopGroup-2-1 ] ping...
2020-04-22 22:15:13,434-[HL] INFO nioEventLoopGroup-2-1 com.chen.leo.handler.HeartBeatHandler - pong...
2020-04-22 22:15:13 [ nioEventLoopGroup-2-1 ] pong...
2020-04-22 22:15:14,438-[HL] INFO nioEventLoopGroup-2-1 com.chen.leo.handler.HeartBeatHandler - ping...
2020-04-22 22:15:14 [ nioEventLoopGroup-2-1 ] ping...
2020-04-22 22:15:14,442-[HL] INFO nioEventLoopGroup-2-1 com.chen.leo.handler.HeartBeatHandler - pong...
2020-04-22 22:15:14 [ nioEventLoopGroup-2-1 ] pong...
2020-04-22 22:20:36,671-[HL] WARN main io.netty.bootstrap.Bootstrap - Unknown channel option 'SO_BACKLOG' for channel '[id: 0x079f64f8]'
2020-04-22 22:20:36 [ main ] Unknown channel option 'SO_BACKLOG' for channel '[id: 0x079f64f8]'
2020-04-22 22:20:51,276-[HL] WARN main io.netty.bootstrap.Bootstrap - Unknown channel option 'SO_BACKLOG' for channel '[id: 0x714684c5]'
2020-04-22 22:20:51 [ main ] Unknown channel option 'SO_BACKLOG' for channel '[id: 0x714684c5]'
2020-04-22 22:20:51,299-[HL] INFO main com.chen.leo.client.NettyTransportClient - Client has connected to server successfully...
2020-04-22 22:20:51 [ main ] Client has connected to server successfully...
2020-04-22 22:20:52,303-[HL] INFO nioEventLoopGroup-2-1 com.chen.leo.handler.HeartBeatHandler - ping...
2020-04-22 22:20:52 [ nioEventLoopGroup-2-1 ] ping...
2020-04-22 22:20:52,500-[HL] INFO nioEventLoopGroup-2-1 com.chen.leo.handler.HeartBeatHandler - pong...
2020-04-22 22:20:52 [ nioEventLoopGroup-2-1 ] pong...
2020-04-22 22:20:53,394-[HL] INFO nioEventLoopGroup-2-1 com.chen.leo.handler.HeartBeatHandler - ping...
2020-04-22 22:20:53 [ nioEventLoopGroup-2-1 ] ping...
2020-04-22 22:20:53,397-[HL] INFO nioEventLoopGroup-2-1 com.chen.leo.handler.HeartBeatHandler - pong...
2020-04-22 22:20:53 [ nioEventLoopGroup-2-1 ] pong...
2020-04-22 22:20:54,400-[HL] INFO nioEventLoopGroup-2-1 com.chen.leo.handler.HeartBeatHandler - ping...
2020-04-22 22:20:54 [ nioEventLoopGroup-2-1 ] ping...
2020-04-22 22:20:54,402-[HL] INFO nioEventLoopGroup-2-1 com.chen.leo.handler.HeartBeatHandler - pong...
2020-04-22 22:20:54 [ nioEventLoopGroup-2-1 ] pong...
2020-04-22 22:20:55,402-[HL] INFO nioEventLoopGroup-2-1 com.chen.leo.handler.HeartBeatHandler - ping...
2020-04-22 22:20:55 [ nioEventLoopGroup-2-1 ] ping...
2020-04-22 22:20:55,404-[HL] INFO nioEventLoopGroup-2-1 com.chen.leo.handler.HeartBeatHandler - pong...
2020-04-22 22:20:55 [ nioEventLoopGroup-2-1 ] pong...
2020-04-22 22:20:56,405-[HL] INFO nioEventLoopGroup-2-1 com.chen.leo.handler.HeartBeatHandler - ping...
2020-04-22 22:20:56 [ nioEventLoopGroup-2-1 ] ping...
2020-04-22 22:20:56,406-[HL] INFO nioEventLoopGroup-2-1 com.chen.leo.handler.HeartBeatHandler - pong...
2020-04-22 22:20:56 [ nioEventLoopGroup-2-1 ] pong...
2020-04-22 22:20:57,406-[HL] INFO nioEventLoopGroup-2-1 com.chen.leo.handler.HeartBeatHandler - ping...
2020-04-22 22:20:57 [ nioEventLoopGroup-2-1 ] ping...
2020-04-22 22:20:57,410-[HL] INFO nioEventLoopGroup-2-1 com.chen.leo.handler.HeartBeatHandler - pong...
2020-04-22 22:20:57 [ nioEventLoopGroup-2-1 ] pong...
2020-04-22 22:20:58,411-[HL] INFO nioEventLoopGroup-2-1 com.chen.leo.handler.HeartBeatHandler - ping...
2020-04-22 22:20:58 [ nioEventLoopGroup-2-1 ] ping...
2020-04-22 22:20:58,414-[HL] INFO nioEventLoopGroup-2-1 com.chen.leo.handler.HeartBeatHandler - pong...
2020-04-22 22:20:58 [ nioEventLoopGroup-2-1 ] pong...
2020-04-22 22:20:59,413-[HL] INFO nioEventLoopGroup-2-1 com.chen.leo.handler.HeartBeatHandler - ping...
2020-04-22 22:20:59 [ nioEventLoopGroup-2-1 ] ping...
2020-04-22 22:20:59,416-[HL] INFO nioEventLoopGroup-2-1 com.chen.leo.handler.HeartBeatHandler - pong...
2020-04-22 22:20:59 [ nioEventLoopGroup-2-1 ] pong...
2020-04-22 22:21:00,418-[HL] INFO nioEventLoopGroup-2-1 com.chen.leo.handler.HeartBeatHandler - ping...
2020-04-22 22:21:00 [ nioEventLoopGroup-2-1 ] ping...
2020-04-22 22:21:00,422-[HL] INFO nioEventLoopGroup-2-1 com.chen.leo.handler.HeartBeatHandler - pong...
2020-04-22 22:21:00 [ nioEventLoopGroup-2-1 ] pong...
2020-04-22 22:21:01,424-[HL] INFO nioEventLoopGroup-2-1 com.chen.leo.handler.HeartBeatHandler - ping...
2020-04-22 22:21:01 [ nioEventLoopGroup-2-1 ] ping...
2020-04-22 22:21:01,428-[HL] INFO nioEventLoopGroup-2-1 com.chen.leo.handler.HeartBeatHandler - pong...
2020-04-22 22:21:01 [ nioEventLoopGroup-2-1 ] pong...
2020-04-22 22:21:02,430-[HL] INFO nioEventLoopGroup-2-1 com.chen.leo.handler.HeartBeatHandler - ping...
2020-04-22 22:21:02 [ nioEventLoopGroup-2-1 ] ping...
2020-04-22 22:21:02,434-[HL] INFO nioEventLoopGroup-2-1 com.chen.leo.handler.HeartBeatHandler - pong...
2020-04-22 22:21:02 [ nioEventLoopGroup-2-1 ] pong...
2020-04-22 22:21:03,432-[HL] INFO nioEventLoopGroup-2-1 com.chen.leo.handler.HeartBeatHandler - ping...
2020-04-22 22:21:03 [ nioEventLoopGroup-2-1 ] ping...
2020-04-22 22:21:03,435-[HL] INFO nioEventLoopGroup-2-1 com.chen.leo.handler.HeartBeatHandler - pong...
2020-04-22 22:21:03 [ nioEventLoopGroup-2-1 ] pong...
2020-04-22 22:21:04,436-[HL] INFO nioEventLoopGroup-2-1 com.chen.leo.handler.HeartBeatHandler - ping...
2020-04-22 22:21:04 [ nioEventLoopGroup-2-1 ] ping...
2020-04-22 22:21:04,440-[HL] INFO nioEventLoopGroup-2-1 com.chen.leo.handler.HeartBeatHandler - pong...
2020-04-22 22:21:04 [ nioEventLoopGroup-2-1 ] pong...
2020-04-22 22:21:05,440-[HL] INFO nioEventLoopGroup-2-1 com.chen.leo.handler.HeartBeatHandler - ping...
2020-04-22 22:21:05 [ nioEventLoopGroup-2-1 ] ping...
2020-04-22 22:21:05,443-[HL] INFO nioEventLoopGroup-2-1 com.chen.leo.handler.HeartBeatHandler - pong...
2020-04-22 22:21:05 [ nioEventLoopGroup-2-1 ] pong...
2020-04-22 22:21:06,445-[HL] INFO nioEventLoopGroup-2-1 com.chen.leo.handler.HeartBeatHandler - ping...
2020-04-22 22:21:06 [ nioEventLoopGroup-2-1 ] ping...
2020-04-22 22:21:06,449-[HL] INFO nioEventLoopGroup-2-1 com.chen.leo.handler.HeartBeatHandler - pong...
2020-04-22 22:21:06 [ nioEventLoopGroup-2-1 ] pong...
2020-04-22 22:21:07,447-[HL] INFO nioEventLoopGroup-2-1 com.chen.leo.handler.HeartBeatHandler - ping...
2020-04-22 22:21:07 [ nioEventLoopGroup-2-1 ] ping...
2020-04-22 22:21:07,460-[HL] INFO nioEventLoopGroup-2-1 com.chen.leo.handler.HeartBeatHandler - pong...
2020-04-22 22:21:07 [ nioEventLoopGroup-2-1 ] pong...
2020-04-22 22:21:08,452-[HL] INFO nioEventLoopGroup-2-1 com.chen.leo.handler.HeartBeatHandler - ping...
2020-04-22 22:21:08 [ nioEventLoopGroup-2-1 ] ping...
2020-04-22 22:21:08,456-[HL] INFO nioEventLoopGroup-2-1 com.chen.leo.handler.HeartBeatHandler - pong...
2020-04-22 22:21:08 [ nioEventLoopGroup-2-1 ] pong...
2020-04-22 22:21:09,456-[HL] INFO nioEventLoopGroup-2-1 com.chen.leo.handler.HeartBeatHandler - ping...
2020-04-22 22:21:09 [ nioEventLoopGroup-2-1 ] ping...
2020-04-22 22:21:09,460-[HL] INFO nioEventLoopGroup-2-1 com.chen.leo.handler.HeartBeatHandler - pong...
2020-04-22 22:21:09 [ nioEventLoopGroup-2-1 ] pong...
2020-04-22 22:21:10,457-[HL] INFO nioEventLoopGroup-2-1 com.chen.leo.handler.HeartBeatHandler - ping...
2020-04-22 22:21:10 [ nioEventLoopGroup-2-1 ] ping...
2020-04-22 22:21:10,459-[HL] INFO nioEventLoopGroup-2-1 com.chen.leo.handler.HeartBeatHandler - pong...
2020-04-22 22:21:10 [ nioEventLoopGroup-2-1 ] pong...
2020-04-22 22:21:11,458-[HL] INFO nioEventLoopGroup-2-1 com.chen.leo.handler.HeartBeatHandler - ping...
2020-04-22 22:21:11 [ nioEventLoopGroup-2-1 ] ping...
2020-04-22 22:21:11,461-[HL] INFO nioEventLoopGroup-2-1 com.chen.leo.handler.HeartBeatHandler - pong...
2020-04-22 22:21:11 [ nioEventLoopGroup-2-1 ] pong...
2020-04-22 22:21:12,463-[HL] INFO nioEventLoopGroup-2-1 com.chen.leo.handler.HeartBeatHandler - ping...
2020-04-22 22:21:12 [ nioEventLoopGroup-2-1 ] ping...
2020-04-22 22:21:12,474-[HL] INFO nioEventLoopGroup-2-1 com.chen.leo.handler.HeartBeatHandler - pong...
2020-04-22 22:21:12 [ nioEventLoopGroup-2-1 ] pong...
2020-04-22 22:21:13,473-[HL] INFO nioEventLoopGroup-2-1 com.chen.leo.handler.HeartBeatHandler - ping...
2020-04-22 22:21:13 [ nioEventLoopGroup-2-1 ] ping...
2020-04-22 22:21:13,475-[HL] INFO nioEventLoopGroup-2-1 com.chen.leo.handler.HeartBeatHandler - pong...
2020-04-22 22:21:13 [ nioEventLoopGroup-2-1 ] pong...
2020-04-22 22:21:14,476-[HL] INFO nioEventLoopGroup-2-1 com.chen.leo.handler.HeartBeatHandler - ping...
2020-04-22 22:21:14 [ nioEventLoopGroup-2-1 ] ping...
2020-04-22 22:21:14,479-[HL] INFO nioEventLoopGroup-2-1 com.chen.leo.handler.HeartBeatHandler - pong...
2020-04-22 22:21:14 [ nioEventLoopGroup-2-1 ] pong...
2020-04-22 22:31:38,211-[HL] WARN main io.netty.bootstrap.Bootstrap - Unknown channel option 'SO_BACKLOG' for channel '[id: 0x744a8817]'
2020-04-22 22:31:38 [ main ] Unknown channel option 'SO_BACKLOG' for channel '[id: 0x744a8817]'
2020-04-22 22:31:38,237-[HL] INFO main com.chen.leo.client.NettyTransportClient - Client has connected to server successfully...
2020-04-22 22:31:38 [ main ] Client has connected to server successfully...
2020-04-22 22:31:39,241-[HL] INFO nioEventLoopGroup-2-1 com.chen.leo.handler.HeartBeatHandler - ping...
2020-04-22 22:31:39 [ nioEventLoopGroup-2-1 ] ping...
2020-04-22 22:31:39,436-[HL] INFO nioEventLoopGroup-2-1 com.chen.leo.handler.HeartBeatHandler - pong...
2020-04-22 22:31:39 [ nioEventLoopGroup-2-1 ] pong...
2020-04-22 22:31:40,335-[HL] INFO nioEventLoopGroup-2-1 com.chen.leo.handler.HeartBeatHandler - ping...
2020-04-22 22:31:40 [ nioEventLoopGroup-2-1 ] ping...
2020-04-22 22:31:40,337-[HL] INFO nioEventLoopGroup-2-1 com.chen.leo.handler.HeartBeatHandler - pong...
2020-04-22 22:31:40 [ nioEventLoopGroup-2-1 ] pong...
2020-04-22 22:31:41,341-[HL] INFO nioEventLoopGroup-2-1 com.chen.leo.handler.HeartBeatHandler - ping...
2020-04-22 22:31:41 [ nioEventLoopGroup-2-1 ] ping...
2020-04-22 22:31:41,343-[HL] INFO nioEventLoopGroup-2-1 com.chen.leo.handler.HeartBeatHandler - pong...
2020-04-22 22:31:41 [ nioEventLoopGroup-2-1 ] pong...
2020-04-22 22:31:42,344-[HL] INFO nioEventLoopGroup-2-1 com.chen.leo.handler.HeartBeatHandler - ping...
2020-04-22 22:31:42 [ nioEventLoopGroup-2-1 ] ping...
2020-04-22 22:31:42,346-[HL] INFO nioEventLoopGroup-2-1 com.chen.leo.handler.HeartBeatHandler - pong...
2020-04-22 22:31:42 [ nioEventLoopGroup-2-1 ] pong...
2020-04-22 22:31:43,348-[HL] INFO nioEventLoopGroup-2-1 com.chen.leo.handler.HeartBeatHandler - ping...
2020-04-22 22:31:43 [ nioEventLoopGroup-2-1 ] ping...
2020-04-22 22:31:43,350-[HL] INFO nioEventLoopGroup-2-1 com.chen.leo.handler.HeartBeatHandler - pong...
2020-04-22 22:31:43 [ nioEventLoopGroup-2-1 ] pong...
2020-04-22 22:31:44,353-[HL] INFO nioEventLoopGroup-2-1 com.chen.leo.handler.HeartBeatHandler - ping...
2020-04-22 22:31:44 [ nioEventLoopGroup-2-1 ] ping...
2020-04-22 22:31:44,355-[HL] INFO nioEventLoopGroup-2-1 com.chen.leo.handler.HeartBeatHandler - pong...
2020-04-22 22:31:44 [ nioEventLoopGroup-2-1 ] pong...
2020-04-22 22:31:45,357-[HL] INFO nioEventLoopGroup-2-1 com.chen.leo.handler.HeartBeatHandler - ping...
2020-04-22 22:31:45 [ nioEventLoopGroup-2-1 ] ping...
2020-04-22 22:31:45,359-[HL] INFO nioEventLoopGroup-2-1 com.chen.leo.handler.HeartBeatHandler - pong...
2020-04-22 22:31:45 [ nioEventLoopGroup-2-1 ] pong...
2020-04-22 22:31:46,360-[HL] INFO nioEventLoopGroup-2-1 com.chen.leo.handler.HeartBeatHandler - ping...
2020-04-22 22:31:46 [ nioEventLoopGroup-2-1 ] ping...
2020-04-22 22:31:46,362-[HL] INFO nioEventLoopGroup-2-1 com.chen.leo.handler.HeartBeatHandler - pong...
2020-04-22 22:31:46 [ nioEventLoopGroup-2-1 ] pong...
2020-04-22 22:31:47,362-[HL] INFO nioEventLoopGroup-2-1 com.chen.leo.handler.HeartBeatHandler - ping...
2020-04-22 22:31:47 [ nioEventLoopGroup-2-1 ] ping...
2020-04-22 22:31:47,364-[HL] INFO nioEventLoopGroup-2-1 com.chen.leo.handler.HeartBeatHandler - pong...
2020-04-22 22:31:47 [ nioEventLoopGroup-2-1 ] pong...
2020-04-22 22:31:48,368-[HL] INFO nioEventLoopGroup-2-1 com.chen.leo.handler.HeartBeatHandler - ping...
2020-04-22 22:31:48 [ nioEventLoopGroup-2-1 ] ping...
2020-04-22 22:31:48,370-[HL] INFO nioEventLoopGroup-2-1 com.chen.leo.handler.HeartBeatHandler - pong...
2020-04-22 22:31:48 [ nioEventLoopGroup-2-1 ] pong...
2020-04-22 22:31:49,370-[HL] INFO nioEventLoopGroup-2-1 com.chen.leo.handler.HeartBeatHandler - ping...
2020-04-22 22:31:49 [ nioEventLoopGroup-2-1 ] ping...
2020-04-22 22:31:49,373-[HL] INFO nioEventLoopGroup-2-1 com.chen.leo.handler.HeartBeatHandler - pong...
2020-04-22 22:31:49 [ nioEventLoopGroup-2-1 ] pong...
2020-04-22 22:31:50,376-[HL] INFO nioEventLoopGroup-2-1 com.chen.leo.handler.HeartBeatHandler - ping...
2020-04-22 22:31:50 [ nioEventLoopGroup-2-1 ] ping...
2020-04-22 22:31:50,378-[HL] INFO nioEventLoopGroup-2-1 com.chen.leo.handler.HeartBeatHandler - pong...
2020-04-22 22:31:50 [ nioEventLoopGroup-2-1 ] pong...
2020-04-22 22:31:51,382-[HL] INFO nioEventLoopGroup-2-1 com.chen.leo.handler.HeartBeatHandler - ping...
2020-04-22 22:31:51 [ nioEventLoopGroup-2-1 ] ping...
2020-04-22 22:31:51,384-[HL] INFO nioEventLoopGroup-2-1 com.chen.leo.handler.HeartBeatHandler - pong...
2020-04-22 22:31:51 [ nioEventLoopGroup-2-1 ] pong...
2020-04-22 22:31:52,383-[HL] INFO nioEventLoopGroup-2-1 com.chen.leo.handler.HeartBeatHandler - ping...
2020-04-22 22:31:52 [ nioEventLoopGroup-2-1 ] ping...
2020-04-22 22:31:52,385-[HL] INFO nioEventLoopGroup-2-1 com.chen.leo.handler.HeartBeatHandler - pong...
2020-04-22 22:31:52 [ nioEventLoopGroup-2-1 ] pong...
2020-04-22 22:31:53,388-[HL] INFO nioEventLoopGroup-2-1 com.chen.leo.handler.HeartBeatHandler - ping...
2020-04-22 22:31:53 [ nioEventLoopGroup-2-1 ] ping...
2020-04-22 22:31:53,390-[HL] INFO nioEventLoopGroup-2-1 com.chen.leo.handler.HeartBeatHandler - pong...
2020-04-22 22:31:53 [ nioEventLoopGroup-2-1 ] pong...
2020-04-22 22:31:54,394-[HL] INFO nioEventLoopGroup-2-1 com.chen.leo.handler.HeartBeatHandler - ping...
2020-04-22 22:31:54 [ nioEventLoopGroup-2-1 ] ping...
2020-04-22 22:31:54,404-[HL] INFO nioEventLoopGroup-2-1 com.chen.leo.handler.HeartBeatHandler - pong...
2020-04-22 22:31:54 [ nioEventLoopGroup-2-1 ] pong...
2020-04-22 22:31:55,395-[HL] INFO nioEventLoopGroup-2-1 com.chen.leo.handler.HeartBeatHandler - ping...
2020-04-22 22:31:55 [ nioEventLoopGroup-2-1 ] ping...
2020-04-22 22:31:55,398-[HL] INFO nioEventLoopGroup-2-1 com.chen.leo.handler.HeartBeatHandler - pong...
2020-04-22 22:31:55 [ nioEventLoopGroup-2-1 ] pong...
2020-04-22 22:31:56,399-[HL] INFO nioEventLoopGroup-2-1 com.chen.leo.handler.HeartBeatHandler - ping...
2020-04-22 22:31:56 [ nioEventLoopGroup-2-1 ] ping...
2020-04-22 22:31:56,401-[HL] INFO nioEventLoopGroup-2-1 com.chen.leo.handler.HeartBeatHandler - pong...
2020-04-22 22:31:56 [ nioEventLoopGroup-2-1 ] pong...
2020-04-22 22:31:57,404-[HL] INFO nioEventLoopGroup-2-1 com.chen.leo.handler.HeartBeatHandler - The connection had broken, cancel the task that will send a heart beat.
2020-04-22 22:31:57 [ nioEventLoopGroup-2-1 ] The connection had broken, cancel the task that will send a heart beat.
2020-04-22 22:34:22,454-[HL] WARN main io.netty.bootstrap.Bootstrap - Unknown channel option 'SO_BACKLOG' for channel '[id: 0x1d00124c]'
2020-04-22 22:34:22 [ main ] Unknown channel option 'SO_BACKLOG' for channel '[id: 0x1d00124c]'
2020-04-22 22:34:22,479-[HL] INFO main com.chen.leo.client.NettyTransportClient - Client has connected to server successfully...
2020-04-22 22:34:22 [ main ] Client has connected to server successfully...
2020-04-22 22:34:23,479-[HL] INFO nioEventLoopGroup-2-1 com.chen.leo.handler.HeartBeatHandler - ping...
2020-04-22 22:34:23 [ nioEventLoopGroup-2-1 ] ping...
2020-04-22 22:34:23,663-[HL] INFO nioEventLoopGroup-2-1 com.chen.leo.handler.HeartBeatHandler - pong...
2020-04-22 22:34:23 [ nioEventLoopGroup-2-1 ] pong...
2020-04-22 22:34:24,571-[HL] INFO nioEventLoopGroup-2-1 com.chen.leo.handler.HeartBeatHandler - ping...
2020-04-22 22:34:24 [ nioEventLoopGroup-2-1 ] ping...
2020-04-22 22:34:24,574-[HL] INFO nioEventLoopGroup-2-1 com.chen.leo.handler.HeartBeatHandler - pong...
2020-04-22 22:34:24 [ nioEventLoopGroup-2-1 ] pong...
2020-04-22 22:34:25,576-[HL] INFO nioEventLoopGroup-2-1 com.chen.leo.handler.HeartBeatHandler - ping...
2020-04-22 22:34:25 [ nioEventLoopGroup-2-1 ] ping...
2020-04-22 22:34:25,578-[HL] INFO nioEventLoopGroup-2-1 com.chen.leo.handler.HeartBeatHandler - pong...
2020-04-22 22:34:25 [ nioEventLoopGroup-2-1 ] pong...
2020-04-22 22:34:26,577-[HL] INFO nioEventLoopGroup-2-1 com.chen.leo.handler.HeartBeatHandler - ping...
2020-04-22 22:34:26 [ nioEventLoopGroup-2-1 ] ping...
2020-04-22 22:34:26,579-[HL] INFO nioEventLoopGroup-2-1 com.chen.leo.handler.HeartBeatHandler - pong...
2020-04-22 22:34:26 [ nioEventLoopGroup-2-1 ] pong...
2020-04-22 22:34:27,582-[HL] INFO nioEventLoopGroup-2-1 com.chen.leo.handler.HeartBeatHandler - ping...
2020-04-22 22:34:27 [ nioEventLoopGroup-2-1 ] ping...
2020-04-22 22:34:27,584-[HL] INFO nioEventLoopGroup-2-1 com.chen.leo.handler.HeartBeatHandler - pong...
2020-04-22 22:34:27 [ nioEventLoopGroup-2-1 ] pong...
2020-04-22 22:34:28,585-[HL] INFO nioEventLoopGroup-2-1 com.chen.leo.handler.HeartBeatHandler - ping...
2020-04-22 22:34:28 [ nioEventLoopGroup-2-1 ] ping...
2020-04-22 22:34:28,587-[HL] INFO nioEventLoopGroup-2-1 com.chen.leo.handler.HeartBeatHandler - pong...
2020-04-22 22:34:28 [ nioEventLoopGroup-2-1 ] pong...
2020-04-22 22:34:29,591-[HL] INFO nioEventLoopGroup-2-1 com.chen.leo.handler.HeartBeatHandler - ping...
2020-04-22 22:34:29 [ nioEventLoopGroup-2-1 ] ping...
2020-04-22 22:34:29,593-[HL] INFO nioEventLoopGroup-2-1 com.chen.leo.handler.HeartBeatHandler - pong...
2020-04-22 22:34:29 [ nioEventLoopGroup-2-1 ] pong...
2020-04-22 22:34:30,594-[HL] INFO nioEventLoopGroup-2-1 com.chen.leo.handler.HeartBeatHandler - ping...
2020-04-22 22:34:30 [ nioEventLoopGroup-2-1 ] ping...
2020-04-22 22:34:30,596-[HL] INFO nioEventLoopGroup-2-1 com.chen.leo.handler.HeartBeatHandler - pong...
2020-04-22 22:34:30 [ nioEventLoopGroup-2-1 ] pong...
2020-04-22 22:34:31,598-[HL] INFO nioEventLoopGroup-2-1 com.chen.leo.handler.HeartBeatHandler - ping...
2020-04-22 22:34:31 [ nioEventLoopGroup-2-1 ] ping...
2020-04-22 22:34:31,600-[HL] INFO nioEventLoopGroup-2-1 com.chen.leo.handler.HeartBeatHandler - pong...
2020-04-22 22:34:31 [ nioEventLoopGroup-2-1 ] pong...
2020-04-22 22:34:32,603-[HL] INFO nioEventLoopGroup-2-1 com.chen.leo.handler.HeartBeatHandler - ping...
2020-04-22 22:34:32 [ nioEventLoopGroup-2-1 ] ping...
2020-04-22 22:34:32,606-[HL] INFO nioEventLoopGroup-2-1 com.chen.leo.handler.HeartBeatHandler - pong...
2020-04-22 22:34:32 [ nioEventLoopGroup-2-1 ] pong...
2020-04-22 22:34:33,607-[HL] INFO nioEventLoopGroup-2-1 com.chen.leo.handler.HeartBeatHandler - ping...
2020-04-22 22:34:33 [ nioEventLoopGroup-2-1 ] ping...
2020-04-22 22:34:33,609-[HL] INFO nioEventLoopGroup-2-1 com.chen.leo.handler.HeartBeatHandler - pong...
2020-04-22 22:34:33 [ nioEventLoopGroup-2-1 ] pong...
2020-04-22 22:34:34,610-[HL] INFO nioEventLoopGroup-2-1 com.chen.leo.handler.HeartBeatHandler - ping...
2020-04-22 22:34:34 [ nioEventLoopGroup-2-1 ] ping...
2020-04-22 22:34:34,612-[HL] INFO nioEventLoopGroup-2-1 com.chen.leo.handler.HeartBeatHandler - pong...
2020-04-22 22:34:34 [ nioEventLoopGroup-2-1 ] pong...
2020-04-22 22:34:35,615-[HL] INFO nioEventLoopGroup-2-1 com.chen.leo.handler.HeartBeatHandler - ping...
2020-04-22 22:34:35 [ nioEventLoopGroup-2-1 ] ping...
2020-04-22 22:34:35,617-[HL] INFO nioEventLoopGroup-2-1 com.chen.leo.handler.HeartBeatHandler - pong...
2020-04-22 22:34:35 [ nioEventLoopGroup-2-1 ] pong...
2020-04-22 22:34:36,617-[HL] INFO nioEventLoopGroup-2-1 com.chen.leo.handler.HeartBeatHandler - ping...
2020-04-22 22:34:36 [ nioEventLoopGroup-2-1 ] ping...
2020-04-22 22:34:36,619-[HL] INFO nioEventLoopGroup-2-1 com.chen.leo.handler.HeartBeatHandler - pong...
2020-04-22 22:34:36 [ nioEventLoopGroup-2-1 ] pong...
2020-04-22 22:34:37,621-[HL] INFO nioEventLoopGroup-2-1 com.chen.leo.handler.HeartBeatHandler - ping...
2020-04-22 22:34:37 [ nioEventLoopGroup-2-1 ] ping...
2020-04-22 22:34:37,623-[HL] INFO nioEventLoopGroup-2-1 com.chen.leo.handler.HeartBeatHandler - pong...
2020-04-22 22:34:37 [ nioEventLoopGroup-2-1 ] pong...
2020-04-22 22:34:38,625-[HL] INFO nioEventLoopGroup-2-1 com.chen.leo.handler.HeartBeatHandler - ping...
2020-04-22 22:34:38 [ nioEventLoopGroup-2-1 ] ping...
2020-04-22 22:34:38,636-[HL] INFO nioEventLoopGroup-2-1 com.chen.leo.handler.HeartBeatHandler - pong...
2020-04-22 22:34:38 [ nioEventLoopGroup-2-1 ] pong...
2020-04-22 22:34:39,630-[HL] INFO nioEventLoopGroup-2-1 com.chen.leo.handler.HeartBeatHandler - ping...
2020-04-22 22:34:39 [ nioEventLoopGroup-2-1 ] ping...
2020-04-22 22:34:39,635-[HL] INFO nioEventLoopGroup-2-1 com.chen.leo.handler.HeartBeatHandler - pong...
2020-04-22 22:34:39 [ nioEventLoopGroup-2-1 ] pong...
2020-04-22 22:34:40,634-[HL] INFO nioEventLoopGroup-2-1 com.chen.leo.handler.HeartBeatHandler - ping...
2020-04-22 22:34:40 [ nioEventLoopGroup-2-1 ] ping...
2020-04-22 22:34:40,636-[HL] INFO nioEventLoopGroup-2-1 com.chen.leo.handler.HeartBeatHandler - pong...
2020-04-22 22:34:40 [ nioEventLoopGroup-2-1 ] pong...
2020-04-22 22:34:41,638-[HL] INFO nioEventLoopGroup-2-1 com.chen.leo.handler.HeartBeatHandler - ping...
2020-04-22 22:34:41 [ nioEventLoopGroup-2-1 ] ping...
2020-04-22 22:34:41,641-[HL] INFO nioEventLoopGroup-2-1 com.chen.leo.handler.HeartBeatHandler - pong...
2020-04-22 22:34:41 [ nioEventLoopGroup-2-1 ] pong...
2020-04-22 22:34:42,642-[HL] INFO nioEventLoopGroup-2-1 com.chen.leo.handler.HeartBeatHandler - ping...
2020-04-22 22:34:42 [ nioEventLoopGroup-2-1 ] ping...
2020-04-22 22:34:42,647-[HL] INFO nioEventLoopGroup-2-1 com.chen.leo.handler.HeartBeatHandler - pong...
2020-04-22 22:34:42 [ nioEventLoopGroup-2-1 ] pong...
2020-04-22 22:34:43,645-[HL] INFO nioEventLoopGroup-2-1 com.chen.leo.handler.HeartBeatHandler - ping...
2020-04-22 22:34:43 [ nioEventLoopGroup-2-1 ] ping...
2020-04-22 22:34:43,650-[HL] INFO nioEventLoopGroup-2-1 com.chen.leo.handler.HeartBeatHandler - pong...
2020-04-22 22:34:43 [ nioEventLoopGroup-2-1 ] pong...
2020-04-22 22:34:44,650-[HL] INFO nioEventLoopGroup-2-1 com.chen.leo.handler.HeartBeatHandler - ping...
2020-04-22 22:34:44 [ nioEventLoopGroup-2-1 ] ping...
2020-04-22 22:34:44,652-[HL] INFO nioEventLoopGroup-2-1 com.chen.leo.handler.HeartBeatHandler - pong...
2020-04-22 22:34:44 [ nioEventLoopGroup-2-1 ] pong...
2020-04-22 22:34:45,655-[HL] INFO nioEventLoopGroup-2-1 com.chen.leo.handler.HeartBeatHandler - ping...
2020-04-22 22:34:45 [ nioEventLoopGroup-2-1 ] ping...
2020-04-22 22:34:45,657-[HL] INFO nioEventLoopGroup-2-1 com.chen.leo.handler.HeartBeatHandler - pong...
2020-04-22 22:34:45 [ nioEventLoopGroup-2-1 ] pong...
2020-04-22 22:34:46,657-[HL] INFO nioEventLoopGroup-2-1 com.chen.leo.handler.HeartBeatHandler - ping...
2020-04-22 22:34:46 [ nioEventLoopGroup-2-1 ] ping...
2020-04-22 22:34:46,659-[HL] INFO nioEventLoopGroup-2-1 com.chen.leo.handler.HeartBeatHandler - pong...
2020-04-22 22:34:46 [ nioEventLoopGroup-2-1 ] pong...
2020-04-22 22:34:47,663-[HL] INFO nioEventLoopGroup-2-1 com.chen.leo.handler.HeartBeatHandler - ping...
2020-04-22 22:34:47 [ nioEventLoopGroup-2-1 ] ping...
2020-04-22 22:34:47,665-[HL] INFO nioEventLoopGroup-2-1 com.chen.leo.handler.HeartBeatHandler - pong...
2020-04-22 22:34:47 [ nioEventLoopGroup-2-1 ] pong...
2020-04-22 22:34:48,666-[HL] INFO nioEventLoopGroup-2-1 com.chen.leo.handler.HeartBeatHandler - ping...
2020-04-22 22:34:48 [ nioEventLoopGroup-2-1 ] ping...
2020-04-22 22:34:48,668-[HL] INFO nioEventLoopGroup-2-1 com.chen.leo.handler.HeartBeatHandler - pong...
2020-04-22 22:34:48 [ nioEventLoopGroup-2-1 ] pong...
2020-04-22 22:34:49,669-[HL] INFO nioEventLoopGroup-2-1 com.chen.leo.handler.HeartBeatHandler - ping...
2020-04-22 22:34:49 [ nioEventLoopGroup-2-1 ] ping...
2020-04-22 22:34:49,671-[HL] INFO nioEventLoopGroup-2-1 com.chen.leo.handler.HeartBeatHandler - pong...
2020-04-22 22:34:49 [ nioEventLoopGroup-2-1 ] pong...
2020-04-22 22:34:50,670-[HL] INFO nioEventLoopGroup-2-1 com.chen.leo.handler.HeartBeatHandler - ping...
2020-04-22 22:34:50 [ nioEventLoopGroup-2-1 ] ping...
2020-04-22 22:34:50,672-[HL] INFO nioEventLoopGroup-2-1 com.chen.leo.handler.HeartBeatHandler - pong...
2020-04-22 22:34:50 [ nioEventLoopGroup-2-1 ] pong...
2020-04-22 22:34:51,671-[HL] INFO nioEventLoopGroup-2-1 com.chen.leo.handler.HeartBeatHandler - ping...
2020-04-22 22:34:51 [ nioEventLoopGroup-2-1 ] ping...
2020-04-22 22:34:51,673-[HL] INFO nioEventLoopGroup-2-1 com.chen.leo.handler.HeartBeatHandler - pong...
2020-04-22 22:34:51 [ nioEventLoopGroup-2-1 ] pong...
2020-04-22 22:34:52,674-[HL] INFO nioEventLoopGroup-2-1 com.chen.leo.handler.HeartBeatHandler - ping...
2020-04-22 22:34:52 [ nioEventLoopGroup-2-1 ] ping...
2020-04-22 22:34:52,676-[HL] INFO nioEventLoopGroup-2-1 com.chen.leo.handler.HeartBeatHandler - pong...
2020-04-22 22:34:52 [ nioEventLoopGroup-2-1 ] pong...
2020-04-22 22:34:53,676-[HL] INFO nioEventLoopGroup-2-1 com.chen.leo.handler.HeartBeatHandler - ping...
2020-04-22 22:34:53 [ nioEventLoopGroup-2-1 ] ping...
2020-04-22 22:34:53,678-[HL] INFO nioEventLoopGroup-2-1 com.chen.leo.handler.HeartBeatHandler - pong...
2020-04-22 22:34:53 [ nioEventLoopGroup-2-1 ] pong...
2020-04-22 22:34:54,678-[HL] INFO nioEventLoopGroup-2-1 com.chen.leo.handler.HeartBeatHandler - ping...
2020-04-22 22:34:54 [ nioEventLoopGroup-2-1 ] ping...
2020-04-22 22:34:54,682-[HL] INFO nioEventLoopGroup-2-1 com.chen.leo.handler.HeartBeatHandler - pong...
2020-04-22 22:34:54 [ nioEventLoopGroup-2-1 ] pong...
2020-04-22 22:34:55,685-[HL] INFO nioEventLoopGroup-2-1 com.chen.leo.handler.HeartBeatHandler - ping...
2020-04-22 22:34:55 [ nioEventLoopGroup-2-1 ] ping...
2020-04-22 22:34:55,689-[HL] INFO nioEventLoopGroup-2-1 com.chen.leo.handler.HeartBeatHandler - pong...
2020-04-22 22:34:55 [ nioEventLoopGroup-2-1 ] pong...
2020-04-22 22:34:56,692-[HL] INFO nioEventLoopGroup-2-1 com.chen.leo.handler.HeartBeatHandler - ping...
2020-04-22 22:34:56 [ nioEventLoopGroup-2-1 ] ping...
2020-04-22 22:34:56,694-[HL] INFO nioEventLoopGroup-2-1 com.chen.leo.handler.HeartBeatHandler - pong...
2020-04-22 22:34:56 [ nioEventLoopGroup-2-1 ] pong...
2020-04-22 22:34:57,694-[HL] INFO nioEventLoopGroup-2-1 com.chen.leo.handler.HeartBeatHandler - ping...
2020-04-22 22:34:57 [ nioEventLoopGroup-2-1 ] ping...
2020-04-22 22:34:57,695-[HL] INFO nioEventLoopGroup-2-1 com.chen.leo.handler.HeartBeatHandler - pong...
2020-04-22 22:34:57 [ nioEventLoopGroup-2-1 ] pong...
2020-04-22 22:35:14,141-[HL] WARN main io.netty.bootstrap.Bootstrap - Unknown channel option 'SO_BACKLOG' for channel '[id: 0xf68ca811]'
2020-04-22 22:35:14 [ main ] Unknown channel option 'SO_BACKLOG' for channel '[id: 0xf68ca811]'
2020-04-22 22:35:14,168-[HL] INFO main com.chen.leo.client.NettyTransportClient - Client has connected to server successfully...
2020-04-22 22:35:14 [ main ] Client has connected to server successfully...
2020-04-22 22:35:15,172-[HL] INFO nioEventLoopGroup-2-1 com.chen.leo.handler.HeartBeatHandler - ping...
2020-04-22 22:35:15 [ nioEventLoopGroup-2-1 ] ping...
2020-04-22 22:35:15,444-[HL] INFO nioEventLoopGroup-2-1 com.chen.leo.handler.HeartBeatHandler - pong...
2020-04-22 22:35:15 [ nioEventLoopGroup-2-1 ] pong...
2020-04-22 22:35:16,282-[HL] INFO nioEventLoopGroup-2-1 com.chen.leo.handler.HeartBeatHandler - ping...
2020-04-22 22:35:16 [ nioEventLoopGroup-2-1 ] ping...
2020-04-22 22:35:16,285-[HL] INFO nioEventLoopGroup-2-1 com.chen.leo.handler.HeartBeatHandler - pong...
2020-04-22 22:35:16 [ nioEventLoopGroup-2-1 ] pong...
2020-04-22 22:35:17,287-[HL] INFO nioEventLoopGroup-2-1 com.chen.leo.handler.HeartBeatHandler - ping...
2020-04-22 22:35:17 [ nioEventLoopGroup-2-1 ] ping...
2020-04-22 22:35:17,293-[HL] INFO nioEventLoopGroup-2-1 com.chen.leo.handler.HeartBeatHandler - pong...
2020-04-22 22:35:17 [ nioEventLoopGroup-2-1 ] pong...
2020-04-22 22:35:18,292-[HL] INFO nioEventLoopGroup-2-1 com.chen.leo.handler.HeartBeatHandler - ping...
2020-04-22 22:35:18 [ nioEventLoopGroup-2-1 ] ping...
2020-04-22 22:35:18,298-[HL] INFO nioEventLoopGroup-2-1 com.chen.leo.handler.HeartBeatHandler - pong...
2020-04-22 22:35:18 [ nioEventLoopGroup-2-1 ] pong...
2020-04-22 22:35:19,299-[HL] INFO nioEventLoopGroup-2-1 com.chen.leo.handler.HeartBeatHandler - ping...
2020-04-22 22:35:19 [ nioEventLoopGroup-2-1 ] ping...
2020-04-22 22:35:19,303-[HL] INFO nioEventLoopGroup-2-1 com.chen.leo.handler.HeartBeatHandler - pong...
2020-04-22 22:35:19 [ nioEventLoopGroup-2-1 ] pong...
2020-04-22 22:35:20,305-[HL] INFO nioEventLoopGroup-2-1 com.chen.leo.handler.HeartBeatHandler - ping...
2020-04-22 22:35:20 [ nioEventLoopGroup-2-1 ] ping...
2020-04-22 22:35:20,307-[HL] INFO nioEventLoopGroup-2-1 com.chen.leo.handler.HeartBeatHandler - pong...
2020-04-22 22:35:20 [ nioEventLoopGroup-2-1 ] pong...
2020-04-22 22:35:21,308-[HL] INFO nioEventLoopGroup-2-1 com.chen.leo.handler.HeartBeatHandler - ping...
2020-04-22 22:35:21 [ nioEventLoopGroup-2-1 ] ping...
2020-04-22 22:35:21,314-[HL] INFO nioEventLoopGroup-2-1 com.chen.leo.handler.HeartBeatHandler - pong...
2020-04-22 22:35:21 [ nioEventLoopGroup-2-1 ] pong...
2020-04-22 22:35:22,313-[HL] INFO nioEventLoopGroup-2-1 com.chen.leo.handler.HeartBeatHandler - ping...
2020-04-22 22:35:22 [ nioEventLoopGroup-2-1 ] ping...
2020-04-22 22:35:22,315-[HL] INFO nioEventLoopGroup-2-1 com.chen.leo.handler.HeartBeatHandler - pong...
2020-04-22 22:35:22 [ nioEventLoopGroup-2-1 ] pong...
2020-04-22 22:35:23,315-[HL] INFO nioEventLoopGroup-2-1 com.chen.leo.handler.HeartBeatHandler - ping...
2020-04-22 22:35:23 [ nioEventLoopGroup-2-1 ] ping...
2020-04-22 22:35:23,320-[HL] INFO nioEventLoopGroup-2-1 com.chen.leo.handler.HeartBeatHandler - pong...
2020-04-22 22:35:23 [ nioEventLoopGroup-2-1 ] pong...
2020-04-22 22:35:24,316-[HL] INFO nioEventLoopGroup-2-1 com.chen.leo.handler.HeartBeatHandler - ping...
2020-04-22 22:35:24 [ nioEventLoopGroup-2-1 ] ping...
2020-04-22 22:35:24,320-[HL] INFO nioEventLoopGroup-2-1 com.chen.leo.handler.HeartBeatHandler - pong...
2020-04-22 22:35:24 [ nioEventLoopGroup-2-1 ] pong...
2020-04-22 22:35:25,322-[HL] INFO nioEventLoopGroup-2-1 com.chen.leo.handler.HeartBeatHandler - ping...
2020-04-22 22:35:25 [ nioEventLoopGroup-2-1 ] ping...
2020-04-22 22:35:26,325-[HL] INFO nioEventLoopGroup-2-1 com.chen.leo.handler.HeartBeatHandler - ping...
2020-04-22 22:35:26 [ nioEventLoopGroup-2-1 ] ping...
2020-04-22 22:35:27,328-[HL] INFO nioEventLoopGroup-2-1 com.chen.leo.handler.HeartBeatHandler - ping...
2020-04-22 22:35:27 [ nioEventLoopGroup-2-1 ] ping...
2020-04-22 22:35:27,721-[HL] INFO nioEventLoopGroup-2-1 com.chen.leo.handler.HeartBeatHandler - pong...
2020-04-22 22:35:27 [ nioEventLoopGroup-2-1 ] pong...
2020-04-22 22:35:28,334-[HL] INFO nioEventLoopGroup-2-1 com.chen.leo.handler.HeartBeatHandler - ping...
2020-04-22 22:35:28 [ nioEventLoopGroup-2-1 ] ping...
2020-04-22 22:35:28,375-[HL] INFO nioEventLoopGroup-2-1 com.chen.leo.handler.HeartBeatHandler - pong...
2020-04-22 22:35:28 [ nioEventLoopGroup-2-1 ] pong...
2020-04-22 22:35:29,335-[HL] INFO nioEventLoopGroup-2-1 com.chen.leo.handler.HeartBeatHandler - ping...
2020-04-22 22:35:29 [ nioEventLoopGroup-2-1 ] ping...
2020-04-22 22:35:29,799-[HL] INFO nioEventLoopGroup-2-1 com.chen.leo.handler.HeartBeatHandler - pong...
2020-04-22 22:35:29 [ nioEventLoopGroup-2-1 ] pong...
2020-04-22 22:35:29,803-[HL] INFO nioEventLoopGroup-2-1 com.chen.leo.handler.HeartBeatHandler - pong...
2020-04-22 22:35:29 [ nioEventLoopGroup-2-1 ] pong...
2020-04-22 22:35:30,340-[HL] INFO nioEventLoopGroup-2-1 com.chen.leo.handler.HeartBeatHandler - ping...
2020-04-22 22:35:30 [ nioEventLoopGroup-2-1 ] ping...
2020-04-22 22:35:30,342-[HL] INFO nioEventLoopGroup-2-1 com.chen.leo.handler.HeartBeatHandler - pong...
2020-04-22 22:35:30 [ nioEventLoopGroup-2-1 ] pong...
2020-04-22 22:35:31,344-[HL] INFO nioEventLoopGroup-2-1 com.chen.leo.handler.HeartBeatHandler - ping...
2020-04-22 22:35:31 [ nioEventLoopGroup-2-1 ] ping...
2020-04-22 22:35:31,364-[HL] INFO nioEventLoopGroup-2-1 com.chen.leo.handler.HeartBeatHandler - pong...
2020-04-22 22:35:31 [ nioEventLoopGroup-2-1 ] pong...
2020-04-22 22:35:32,349-[HL] INFO nioEventLoopGroup-2-1 com.chen.leo.handler.HeartBeatHandler - ping...
2020-04-22 22:35:32 [ nioEventLoopGroup-2-1 ] ping...
2020-04-22 22:35:32,351-[HL] INFO nioEventLoopGroup-2-1 com.chen.leo.handler.HeartBeatHandler - pong...
2020-04-22 22:35:32 [ nioEventLoopGroup-2-1 ] pong...
2020-04-22 22:35:33,352-[HL] INFO nioEventLoopGroup-2-1 com.chen.leo.handler.HeartBeatHandler - ping...
2020-04-22 22:35:33 [ nioEventLoopGroup-2-1 ] ping...
2020-04-22 22:35:34,354-[HL] INFO nioEventLoopGroup-2-1 com.chen.leo.handler.HeartBeatHandler - ping...
2020-04-22 22:35:34 [ nioEventLoopGroup-2-1 ] ping...
2020-04-22 22:35:35,357-[HL] INFO nioEventLoopGroup-2-1 com.chen.leo.handler.HeartBeatHandler - ping...
2020-04-22 22:35:35 [ nioEventLoopGroup-2-1 ] ping...
2020-04-22 22:35:36,358-[HL] INFO nioEventLoopGroup-2-1 com.chen.leo.handler.HeartBeatHandler - ping...
2020-04-22 22:35:36 [ nioEventLoopGroup-2-1 ] ping...
2020-04-22 22:35:37,363-[HL] INFO nioEventLoopGroup-2-1 com.chen.leo.handler.HeartBeatHandler - ping...
2020-04-22 22:35:37 [ nioEventLoopGroup-2-1 ] ping...
2020-04-22 22:35:38,368-[HL] INFO nioEventLoopGroup-2-1 com.chen.leo.handler.HeartBeatHandler - ping...
2020-04-22 22:35:38 [ nioEventLoopGroup-2-1 ] ping...
2020-04-22 22:35:39,374-[HL] INFO nioEventLoopGroup-2-1 com.chen.leo.handler.HeartBeatHandler - ping...
2020-04-22 22:35:39 [ nioEventLoopGroup-2-1 ] ping...
2020-04-22 22:35:40,378-[HL] INFO nioEventLoopGroup-2-1 com.chen.leo.handler.HeartBeatHandler - ping...
2020-04-22 22:35:40 [ nioEventLoopGroup-2-1 ] ping...
2020-04-22 22:35:41,242-[HL] INFO nioEventLoopGroup-2-1 com.chen.leo.handler.HeartBeatHandler - pong...
2020-04-22 22:35:41 [ nioEventLoopGroup-2-1 ] pong...
2020-04-22 22:35:41,383-[HL] INFO nioEventLoopGroup-2-1 com.chen.leo.handler.HeartBeatHandler - ping...
2020-04-22 22:35:41 [ nioEventLoopGroup-2-1 ] ping...
2020-04-22 22:35:41,946-[HL] INFO nioEventLoopGroup-2-1 com.chen.leo.handler.HeartBeatHandler - pong...
2020-04-22 22:35:41 [ nioEventLoopGroup-2-1 ] pong...
2020-04-22 22:35:42,386-[HL] INFO nioEventLoopGroup-2-1 com.chen.leo.handler.HeartBeatHandler - ping...
2020-04-22 22:35:42 [ nioEventLoopGroup-2-1 ] ping...
2020-04-22 22:35:42,511-[HL] INFO nioEventLoopGroup-2-1 com.chen.leo.handler.HeartBeatHandler - pong...
2020-04-22 22:35:42 [ nioEventLoopGroup-2-1 ] pong...
2020-04-22 22:35:43,392-[HL] INFO nioEventLoopGroup-2-1 com.chen.leo.handler.HeartBeatHandler - ping...
2020-04-22 22:35:43 [ nioEventLoopGroup-2-1 ] ping...
2020-04-22 22:35:44,396-[HL] INFO nioEventLoopGroup-2-1 com.chen.leo.handler.HeartBeatHandler - ping...
2020-04-22 22:35:44 [ nioEventLoopGroup-2-1 ] ping...
2020-04-22 22:35:45,400-[HL] INFO nioEventLoopGroup-2-1 com.chen.leo.handler.HeartBeatHandler - ping...
2020-04-22 22:35:45 [ nioEventLoopGroup-2-1 ] ping...
2020-04-22 22:35:46,404-[HL] INFO nioEventLoopGroup-2-1 com.chen.leo.handler.HeartBeatHandler - ping...
2020-04-22 22:35:46 [ nioEventLoopGroup-2-1 ] ping...
2020-04-22 22:35:46,789-[HL] INFO nioEventLoopGroup-2-1 com.chen.leo.handler.HeartBeatHandler - pong...
2020-04-22 22:35:46 [ nioEventLoopGroup-2-1 ] pong...
2020-04-22 22:35:46,790-[HL] INFO nioEventLoopGroup-2-1 com.chen.leo.handler.HeartBeatHandler - pong...
2020-04-22 22:35:46 [ nioEventLoopGroup-2-1 ] pong...
2020-04-22 22:35:47,409-[HL] INFO nioEventLoopGroup-2-1 com.chen.leo.handler.HeartBeatHandler - ping...
2020-04-22 22:35:47 [ nioEventLoopGroup-2-1 ] ping...
2020-04-22 22:35:47,411-[HL] INFO nioEventLoopGroup-2-1 com.chen.leo.handler.HeartBeatHandler - pong...
2020-04-22 22:35:47 [ nioEventLoopGroup-2-1 ] pong...
2020-04-22 22:35:48,413-[HL] INFO nioEventLoopGroup-2-1 com.chen.leo.handler.HeartBeatHandler - ping...
2020-04-22 22:35:48 [ nioEventLoopGroup-2-1 ] ping...
2020-04-22 22:35:49,418-[HL] INFO nioEventLoopGroup-2-1 com.chen.leo.handler.HeartBeatHandler - The connection had broken, cancel the task that will send a heart beat.
2020-04-22 22:35:49 [ nioEventLoopGroup-2-1 ] The connection had broken, cancel the task that will send a heart beat.
2020-04-22 22:37:55,213-[HL] WARN main io.netty.bootstrap.Bootstrap - Unknown channel option 'SO_BACKLOG' for channel '[id: 0xd99a7f37]'
2020-04-22 22:37:55 [ main ] Unknown channel option 'SO_BACKLOG' for channel '[id: 0xd99a7f37]'
2020-04-22 22:37:55,238-[HL] INFO main com.chen.leo.client.NettyTransportClient - Client has connected to server successfully...
2020-04-22 22:37:55 [ main ] Client has connected to server successfully...
2020-04-22 22:37:56,242-[HL] INFO nioEventLoopGroup-2-1 com.chen.leo.handler.HeartBeatHandler - ping...
2020-04-22 22:37:56 [ nioEventLoopGroup-2-1 ] ping...
2020-04-22 22:37:56,453-[HL] INFO nioEventLoopGroup-2-1 com.chen.leo.handler.HeartBeatHandler - pong...
2020-04-22 22:37:56 [ nioEventLoopGroup-2-1 ] pong...
2020-04-22 22:37:57,348-[HL] INFO nioEventLoopGroup-2-1 com.chen.leo.handler.HeartBeatHandler - ping...
2020-04-22 22:37:57 [ nioEventLoopGroup-2-1 ] ping...
2020-04-22 22:37:57,350-[HL] INFO nioEventLoopGroup-2-1 com.chen.leo.handler.HeartBeatHandler - pong...
2020-04-22 22:37:57 [ nioEventLoopGroup-2-1 ] pong...
2020-04-22 22:37:58,354-[HL] INFO nioEventLoopGroup-2-1 com.chen.leo.handler.HeartBeatHandler - ping...
2020-04-22 22:37:58 [ nioEventLoopGroup-2-1 ] ping...
2020-04-22 22:37:58,356-[HL] INFO nioEventLoopGroup-2-1 com.chen.leo.handler.HeartBeatHandler - pong...
2020-04-22 22:37:58 [ nioEventLoopGroup-2-1 ] pong...
2020-04-22 22:37:59,356-[HL] INFO nioEventLoopGroup-2-1 com.chen.leo.handler.HeartBeatHandler - ping...
2020-04-22 22:37:59 [ nioEventLoopGroup-2-1 ] ping...
2020-04-22 22:37:59,357-[HL] INFO nioEventLoopGroup-2-1 com.chen.leo.handler.HeartBeatHandler - pong...
2020-04-22 22:37:59 [ nioEventLoopGroup-2-1 ] pong...
2020-04-22 22:38:00,358-[HL] INFO nioEventLoopGroup-2-1 com.chen.leo.handler.HeartBeatHandler - ping...
2020-04-22 22:38:00 [ nioEventLoopGroup-2-1 ] ping...
2020-04-22 22:38:00,359-[HL] INFO nioEventLoopGroup-2-1 com.chen.leo.handler.HeartBeatHandler - pong...
2020-04-22 22:38:00 [ nioEventLoopGroup-2-1 ] pong...
2020-04-22 22:38:01,363-[HL] INFO nioEventLoopGroup-2-1 com.chen.leo.handler.HeartBeatHandler - ping...
2020-04-22 22:38:01 [ nioEventLoopGroup-2-1 ] ping...
2020-04-22 22:38:01,364-[HL] INFO nioEventLoopGroup-2-1 com.chen.leo.handler.HeartBeatHandler - pong...
2020-04-22 22:38:01 [ nioEventLoopGroup-2-1 ] pong...
2020-04-22 22:38:02,368-[HL] INFO nioEventLoopGroup-2-1 com.chen.leo.handler.HeartBeatHandler - ping...
2020-04-22 22:38:02 [ nioEventLoopGroup-2-1 ] ping...
2020-04-22 22:38:02,370-[HL] INFO nioEventLoopGroup-2-1 com.chen.leo.handler.HeartBeatHandler - pong...
2020-04-22 22:38:02 [ nioEventLoopGroup-2-1 ] pong...
2020-04-22 22:38:03,374-[HL] INFO nioEventLoopGroup-2-1 com.chen.leo.handler.HeartBeatHandler - ping...
2020-04-22 22:38:03 [ nioEventLoopGroup-2-1 ] ping...
2020-04-22 22:38:03,376-[HL] INFO nioEventLoopGroup-2-1 com.chen.leo.handler.HeartBeatHandler - pong...
2020-04-22 22:38:03 [ nioEventLoopGroup-2-1 ] pong...
2020-04-22 22:38:04,376-[HL] INFO nioEventLoopGroup-2-1 com.chen.leo.handler.HeartBeatHandler - ping...
2020-04-22 22:38:04 [ nioEventLoopGroup-2-1 ] ping...
2020-04-22 22:38:04,377-[HL] INFO nioEventLoopGroup-2-1 com.chen.leo.handler.HeartBeatHandler - pong...
2020-04-22 22:38:04 [ nioEventLoopGroup-2-1 ] pong...
2020-04-22 22:38:05,379-[HL] INFO nioEventLoopGroup-2-1 com.chen.leo.handler.HeartBeatHandler - ping...
2020-04-22 22:38:05 [ nioEventLoopGroup-2-1 ] ping...
2020-04-22 22:38:05,381-[HL] INFO nioEventLoopGroup-2-1 com.chen.leo.handler.HeartBeatHandler - pong...
2020-04-22 22:38:05 [ nioEventLoopGroup-2-1 ] pong...
2020-04-22 22:38:06,386-[HL] INFO nioEventLoopGroup-2-1 com.chen.leo.handler.HeartBeatHandler - ping...
2020-04-22 22:38:06 [ nioEventLoopGroup-2-1 ] ping...
2020-04-22 22:38:06,387-[HL] INFO nioEventLoopGroup-2-1 com.chen.leo.handler.HeartBeatHandler - pong...
2020-04-22 22:38:06 [ nioEventLoopGroup-2-1 ] pong...
2020-04-22 22:38:07,388-[HL] INFO nioEventLoopGroup-2-1 com.chen.leo.handler.HeartBeatHandler - ping...
2020-04-22 22:38:07 [ nioEventLoopGroup-2-1 ] ping...
2020-04-22 22:38:07,389-[HL] INFO nioEventLoopGroup-2-1 com.chen.leo.handler.HeartBeatHandler - pong...
2020-04-22 22:38:07 [ nioEventLoopGroup-2-1 ] pong...
2020-04-22 22:38:08,389-[HL] INFO nioEventLoopGroup-2-1 com.chen.leo.handler.HeartBeatHandler - ping...
2020-04-22 22:38:08 [ nioEventLoopGroup-2-1 ] ping...
2020-04-22 22:38:08,394-[HL] INFO nioEventLoopGroup-2-1 com.chen.leo.handler.HeartBeatHandler - pong...
2020-04-22 22:38:08 [ nioEventLoopGroup-2-1 ] pong...
2020-04-22 22:38:09,394-[HL] INFO nioEventLoopGroup-2-1 com.chen.leo.handler.HeartBeatHandler - ping...
2020-04-22 22:38:09 [ nioEventLoopGroup-2-1 ] ping...
2020-04-22 22:38:09,396-[HL] INFO nioEventLoopGroup-2-1 com.chen.leo.handler.HeartBeatHandler - pong...
2020-04-22 22:38:09 [ nioEventLoopGroup-2-1 ] pong...
2020-04-22 22:38:56,701-[HL] WARN main io.netty.bootstrap.Bootstrap - Unknown channel option 'SO_BACKLOG' for channel '[id: 0x7a9eb54b]'
2020-04-22 22:38:56 [ main ] Unknown channel option 'SO_BACKLOG' for channel '[id: 0x7a9eb54b]'
2020-04-22 22:38:56,727-[HL] INFO main com.chen.leo.client.NettyTransportClient - Client has connected to server successfully...
2020-04-22 22:38:56 [ main ] Client has connected to server successfully...
2020-04-22 22:38:57,730-[HL] INFO nioEventLoopGroup-2-1 com.chen.leo.handler.HeartBeatHandler - ping...
2020-04-22 22:38:57 [ nioEventLoopGroup-2-1 ] ping...
2020-04-22 22:38:57,912-[HL] INFO nioEventLoopGroup-2-1 com.chen.leo.handler.HeartBeatHandler - pong...
2020-04-22 22:38:57 [ nioEventLoopGroup-2-1 ] pong...
2020-04-22 22:38:58,818-[HL] INFO nioEventLoopGroup-2-1 com.chen.leo.handler.HeartBeatHandler - ping...
2020-04-22 22:38:58 [ nioEventLoopGroup-2-1 ] ping...
2020-04-22 22:38:58,820-[HL] INFO nioEventLoopGroup-2-1 com.chen.leo.handler.HeartBeatHandler - pong...
2020-04-22 22:38:58 [ nioEventLoopGroup-2-1 ] pong...
2020-04-22 22:38:59,823-[HL] INFO nioEventLoopGroup-2-1 com.chen.leo.handler.HeartBeatHandler - ping...
2020-04-22 22:38:59 [ nioEventLoopGroup-2-1 ] ping...
2020-04-22 22:38:59,824-[HL] INFO nioEventLoopGroup-2-1 com.chen.leo.handler.HeartBeatHandler - pong...
2020-04-22 22:38:59 [ nioEventLoopGroup-2-1 ] pong...
2020-04-22 22:39:00,829-[HL] INFO nioEventLoopGroup-2-1 com.chen.leo.handler.HeartBeatHandler - ping...
2020-04-22 22:39:00 [ nioEventLoopGroup-2-1 ] ping...
2020-04-22 22:39:00,831-[HL] INFO nioEventLoopGroup-2-1 com.chen.leo.handler.HeartBeatHandler - pong...
2020-04-22 22:39:00 [ nioEventLoopGroup-2-1 ] pong...
2020-04-22 22:39:01,834-[HL] INFO nioEventLoopGroup-2-1 com.chen.leo.handler.HeartBeatHandler - ping...
2020-04-22 22:39:01 [ nioEventLoopGroup-2-1 ] ping...
2020-04-22 22:39:01,836-[HL] INFO nioEventLoopGroup-2-1 com.chen.leo.handler.HeartBeatHandler - pong...
2020-04-22 22:39:01 [ nioEventLoopGroup-2-1 ] pong...
2020-04-22 22:39:02,838-[HL] INFO nioEventLoopGroup-2-1 com.chen.leo.handler.HeartBeatHandler - ping...
2020-04-22 22:39:02 [ nioEventLoopGroup-2-1 ] ping...
2020-04-22 22:39:02,839-[HL] INFO nioEventLoopGroup-2-1 com.chen.leo.handler.HeartBeatHandler - pong...
2020-04-22 22:39:02 [ nioEventLoopGroup-2-1 ] pong...
2020-04-22 22:39:03,844-[HL] INFO nioEventLoopGroup-2-1 com.chen.leo.handler.HeartBeatHandler - ping...
2020-04-22 22:39:03 [ nioEventLoopGroup-2-1 ] ping...
2020-04-22 22:39:03,845-[HL] INFO nioEventLoopGroup-2-1 com.chen.leo.handler.HeartBeatHandler - pong...
2020-04-22 22:39:03 [ nioEventLoopGroup-2-1 ] pong...
2020-04-22 22:39:04,849-[HL] INFO nioEventLoopGroup-2-1 com.chen.leo.handler.HeartBeatHandler - ping...
2020-04-22 22:39:04 [ nioEventLoopGroup-2-1 ] ping...
2020-04-22 22:39:04,851-[HL] INFO nioEventLoopGroup-2-1 com.chen.leo.handler.HeartBeatHandler - pong...
2020-04-22 22:39:04 [ nioEventLoopGroup-2-1 ] pong...
2020-04-22 22:39:05,855-[HL] INFO nioEventLoopGroup-2-1 com.chen.leo.handler.HeartBeatHandler - ping...
2020-04-22 22:39:05 [ nioEventLoopGroup-2-1 ] ping...
2020-04-22 22:39:05,857-[HL] INFO nioEventLoopGroup-2-1 com.chen.leo.handler.HeartBeatHandler - pong...
2020-04-22 22:39:05 [ nioEventLoopGroup-2-1 ] pong...
2020-04-22 22:39:06,860-[HL] INFO nioEventLoopGroup-2-1 com.chen.leo.handler.HeartBeatHandler - ping...
2020-04-22 22:39:06 [ nioEventLoopGroup-2-1 ] ping...
2020-04-22 22:39:06,862-[HL] INFO nioEventLoopGroup-2-1 com.chen.leo.handler.HeartBeatHandler - pong...
2020-04-22 22:39:06 [ nioEventLoopGroup-2-1 ] pong...
2020-04-22 22:39:07,863-[HL] INFO nioEventLoopGroup-2-1 com.chen.leo.handler.HeartBeatHandler - ping...
2020-04-22 22:39:07 [ nioEventLoopGroup-2-1 ] ping...
2020-04-22 22:39:07,865-[HL] INFO nioEventLoopGroup-2-1 com.chen.leo.handler.HeartBeatHandler - pong...
2020-04-22 22:39:07 [ nioEventLoopGroup-2-1 ] pong...
2020-04-22 22:39:08,869-[HL] INFO nioEventLoopGroup-2-1 com.chen.leo.handler.HeartBeatHandler - ping...
2020-04-22 22:39:08 [ nioEventLoopGroup-2-1 ] ping...
2020-04-22 22:39:08,871-[HL] INFO nioEventLoopGroup-2-1 com.chen.leo.handler.HeartBeatHandler - pong...
2020-04-22 22:39:08 [ nioEventLoopGroup-2-1 ] pong...
2020-04-22 22:39:09,875-[HL] INFO nioEventLoopGroup-2-1 com.chen.leo.handler.HeartBeatHandler - ping...
2020-04-22 22:39:09 [ nioEventLoopGroup-2-1 ] ping...
2020-04-22 22:39:09,877-[HL] INFO nioEventLoopGroup-2-1 com.chen.leo.handler.HeartBeatHandler - pong...
2020-04-22 22:39:09 [ nioEventLoopGroup-2-1 ] pong...
2020-04-22 22:39:10,881-[HL] INFO nioEventLoopGroup-2-1 com.chen.leo.handler.HeartBeatHandler - ping...
2020-04-22 22:39:10 [ nioEventLoopGroup-2-1 ] ping...
2020-04-22 22:39:10,882-[HL] INFO nioEventLoopGroup-2-1 com.chen.leo.handler.HeartBeatHandler - pong...
2020-04-22 22:39:10 [ nioEventLoopGroup-2-1 ] pong...
2020-04-22 22:39:11,886-[HL] INFO nioEventLoopGroup-2-1 com.chen.leo.handler.HeartBeatHandler - ping...
2020-04-22 22:39:11 [ nioEventLoopGroup-2-1 ] ping...
2020-04-22 22:39:11,891-[HL] INFO nioEventLoopGroup-2-1 com.chen.leo.handler.HeartBeatHandler - pong...
2020-04-22 22:39:11 [ nioEventLoopGroup-2-1 ] pong...
2020-04-22 22:39:12,890-[HL] INFO nioEventLoopGroup-2-1 com.chen.leo.handler.HeartBeatHandler - ping...
2020-04-22 22:39:12 [ nioEventLoopGroup-2-1 ] ping...
2020-04-22 22:39:12,896-[HL] INFO nioEventLoopGroup-2-1 com.chen.leo.handler.HeartBeatHandler - pong...
2020-04-22 22:39:12 [ nioEventLoopGroup-2-1 ] pong...
2020-04-22 22:39:13,895-[HL] INFO nioEventLoopGroup-2-1 com.chen.leo.handler.HeartBeatHandler - ping...
2020-04-22 22:39:13 [ nioEventLoopGroup-2-1 ] ping...
2020-04-22 22:39:13,897-[HL] INFO nioEventLoopGroup-2-1 com.chen.leo.handler.HeartBeatHandler - pong...
2020-04-22 22:39:13 [ nioEventLoopGroup-2-1 ] pong...
2020-04-22 22:39:14,901-[HL] INFO nioEventLoopGroup-2-1 com.chen.leo.handler.HeartBeatHandler - ping...
2020-04-22 22:39:14 [ nioEventLoopGroup-2-1 ] ping...
2020-04-22 22:39:14,903-[HL] INFO nioEventLoopGroup-2-1 com.chen.leo.handler.HeartBeatHandler - pong...
2020-04-22 22:39:14 [ nioEventLoopGroup-2-1 ] pong...
2020-04-22 22:39:15,907-[HL] INFO nioEventLoopGroup-2-1 com.chen.leo.handler.HeartBeatHandler - ping...
2020-04-22 22:39:15 [ nioEventLoopGroup-2-1 ] ping...
2020-04-22 22:39:15,909-[HL] INFO nioEventLoopGroup-2-1 com.chen.leo.handler.HeartBeatHandler - pong...
2020-04-22 22:39:15 [ nioEventLoopGroup-2-1 ] pong...
2020-04-22 22:39:16,913-[HL] INFO nioEventLoopGroup-2-1 com.chen.leo.handler.HeartBeatHandler - ping...
2020-04-22 22:39:16 [ nioEventLoopGroup-2-1 ] ping...
2020-04-22 22:39:16,915-[HL] INFO nioEventLoopGroup-2-1 com.chen.leo.handler.HeartBeatHandler - pong...
2020-04-22 22:39:16 [ nioEventLoopGroup-2-1 ] pong...
2020-04-22 22:39:17,914-[HL] INFO nioEventLoopGroup-2-1 com.chen.leo.handler.HeartBeatHandler - ping...
2020-04-22 22:39:17 [ nioEventLoopGroup-2-1 ] ping...
2020-04-22 22:39:17,919-[HL] INFO nioEventLoopGroup-2-1 com.chen.leo.handler.HeartBeatHandler - pong...
2020-04-22 22:39:17 [ nioEventLoopGroup-2-1 ] pong...
2020-04-22 22:39:18,923-[HL] INFO nioEventLoopGroup-2-1 com.chen.leo.handler.HeartBeatHandler - ping...
2020-04-22 22:39:18 [ nioEventLoopGroup-2-1 ] ping...
2020-04-22 22:39:18,924-[HL] INFO nioEventLoopGroup-2-1 com.chen.leo.handler.HeartBeatHandler - pong...
2020-04-22 22:39:18 [ nioEventLoopGroup-2-1 ] pong...
2020-04-22 22:39:19,929-[HL] INFO nioEventLoopGroup-2-1 com.chen.leo.handler.HeartBeatHandler - ping...
2020-04-22 22:39:19 [ nioEventLoopGroup-2-1 ] ping...
2020-04-22 22:39:19,931-[HL] INFO nioEventLoopGroup-2-1 com.chen.leo.handler.HeartBeatHandler - pong...
2020-04-22 22:39:19 [ nioEventLoopGroup-2-1 ] pong...
2020-04-22 22:39:20,932-[HL] INFO nioEventLoopGroup-2-1 com.chen.leo.handler.HeartBeatHandler - ping...
2020-04-22 22:39:20 [ nioEventLoopGroup-2-1 ] ping...
2020-04-22 22:39:20,933-[HL] INFO nioEventLoopGroup-2-1 com.chen.leo.handler.HeartBeatHandler - pong...
2020-04-22 22:39:20 [ nioEventLoopGroup-2-1 ] pong...
2020-04-22 22:39:21,936-[HL] INFO nioEventLoopGroup-2-1 com.chen.leo.handler.HeartBeatHandler - ping...
2020-04-22 22:39:21 [ nioEventLoopGroup-2-1 ] ping...
2020-04-22 22:39:21,938-[HL] INFO nioEventLoopGroup-2-1 com.chen.leo.handler.HeartBeatHandler - pong...
2020-04-22 22:39:21 [ nioEventLoopGroup-2-1 ] pong...
2020-04-22 22:39:22,938-[HL] INFO nioEventLoopGroup-2-1 com.chen.leo.handler.HeartBeatHandler - ping...
2020-04-22 22:39:22 [ nioEventLoopGroup-2-1 ] ping...
2020-04-22 22:39:22,940-[HL] INFO nioEventLoopGroup-2-1 com.chen.leo.handler.HeartBeatHandler - pong...
2020-04-22 22:39:22 [ nioEventLoopGroup-2-1 ] pong...
2020-04-22 22:39:23,944-[HL] INFO nioEventLoopGroup-2-1 com.chen.leo.handler.HeartBeatHandler - ping...
2020-04-22 22:39:23 [ nioEventLoopGroup-2-1 ] ping...
2020-04-22 22:39:23,946-[HL] INFO nioEventLoopGroup-2-1 com.chen.leo.handler.HeartBeatHandler - pong...
2020-04-22 22:39:23 [ nioEventLoopGroup-2-1 ] pong...
2020-04-22 22:39:24,950-[HL] INFO nioEventLoopGroup-2-1 com.chen.leo.handler.HeartBeatHandler - ping...
2020-04-22 22:39:24 [ nioEventLoopGroup-2-1 ] ping...
2020-04-22 22:39:24,952-[HL] INFO nioEventLoopGroup-2-1 com.chen.leo.handler.HeartBeatHandler - pong...
2020-04-22 22:39:24 [ nioEventLoopGroup-2-1 ] pong...
2020-04-22 22:39:25,953-[HL] INFO nioEventLoopGroup-2-1 com.chen.leo.handler.HeartBeatHandler - ping...
2020-04-22 22:39:25 [ nioEventLoopGroup-2-1 ] ping...
2020-04-22 22:39:25,954-[HL] INFO nioEventLoopGroup-2-1 com.chen.leo.handler.HeartBeatHandler - pong...
2020-04-22 22:39:25 [ nioEventLoopGroup-2-1 ] pong...
2020-04-22 22:39:26,959-[HL] INFO nioEventLoopGroup-2-1 com.chen.leo.handler.HeartBeatHandler - ping...
2020-04-22 22:39:26 [ nioEventLoopGroup-2-1 ] ping...
2020-04-22 22:39:26,960-[HL] INFO nioEventLoopGroup-2-1 com.chen.leo.handler.HeartBeatHandler - pong...
2020-04-22 22:39:26 [ nioEventLoopGroup-2-1 ] pong...
2020-04-22 22:39:27,963-[HL] INFO nioEventLoopGroup-2-1 com.chen.leo.handler.HeartBeatHandler - ping...
2020-04-22 22:39:27 [ nioEventLoopGroup-2-1 ] ping...
2020-04-22 22:39:27,965-[HL] INFO nioEventLoopGroup-2-1 com.chen.leo.handler.HeartBeatHandler - pong...
2020-04-22 22:39:27 [ nioEventLoopGroup-2-1 ] pong...
2020-04-22 22:39:28,969-[HL] INFO nioEventLoopGroup-2-1 com.chen.leo.handler.HeartBeatHandler - ping...
2020-04-22 22:39:28 [ nioEventLoopGroup-2-1 ] ping...
2020-04-22 22:39:28,970-[HL] INFO nioEventLoopGroup-2-1 com.chen.leo.handler.HeartBeatHandler - pong...
2020-04-22 22:39:28 [ nioEventLoopGroup-2-1 ] pong...
2020-04-22 22:39:29,970-[HL] INFO nioEventLoopGroup-2-1 com.chen.leo.handler.HeartBeatHandler - ping...
2020-04-22 22:39:29 [ nioEventLoopGroup-2-1 ] ping...
2020-04-22 22:39:29,972-[HL] INFO nioEventLoopGroup-2-1 com.chen.leo.handler.HeartBeatHandler - pong...
2020-04-22 22:39:29 [ nioEventLoopGroup-2-1 ] pong...
2020-04-22 22:39:30,976-[HL] INFO nioEventLoopGroup-2-1 com.chen.leo.handler.HeartBeatHandler - ping...
2020-04-22 22:39:30 [ nioEventLoopGroup-2-1 ] ping...
2020-04-22 22:39:30,977-[HL] INFO nioEventLoopGroup-2-1 com.chen.leo.handler.HeartBeatHandler - pong...
2020-04-22 22:39:30 [ nioEventLoopGroup-2-1 ] pong...
2020-04-22 22:39:31,981-[HL] INFO nioEventLoopGroup-2-1 com.chen.leo.handler.HeartBeatHandler - ping...
2020-04-22 22:39:31 [ nioEventLoopGroup-2-1 ] ping...
2020-04-22 22:39:31,983-[HL] INFO nioEventLoopGroup-2-1 com.chen.leo.handler.HeartBeatHandler - pong...
2020-04-22 22:39:31 [ nioEventLoopGroup-2-1 ] pong...
2020-04-22 22:39:32,985-[HL] INFO nioEventLoopGroup-2-1 com.chen.leo.handler.HeartBeatHandler - ping...
2020-04-22 22:39:32 [ nioEventLoopGroup-2-1 ] ping...
2020-04-22 22:39:32,986-[HL] INFO nioEventLoopGroup-2-1 com.chen.leo.handler.HeartBeatHandler - pong...
2020-04-22 22:39:32 [ nioEventLoopGroup-2-1 ] pong...
